<?xml version="1.0" encoding="UTF-8"?>
<!-- Generated by org.testng.reporters.JUnitXMLReporter -->
<testsuite ignored="147" hostname="WSAMZN-MVKF1909" failures="137" tests="689" name="All Test Cases" time="1374.536" errors="0" timestamp="2023-05-19T18:18:40 IST">
  <testcase classname="com.gapi.testCases.GetServiceTicketDetails" name="verifyGetAllWithServiceTicketFilters" time="3.829"/>
  <testcase classname="com.gapi.testCases.GetServiceTicketDetails" name="verifyGetAllWithServiceTicketFilters" time="3.812"/>
  <testcase classname="com.gapi.testCases.GetServiceTicketDetails" name="verifyGetAllWithServiceTicketFilters" time="3.595"/>
  <testcase classname="com.gapi.testCases.GetServiceTicketDetails" name="verifyGetAllWithServiceTicketFilters" time="3.695"/>
  <testcase classname="com.gapi.testCases.GetServiceTicketDetails" name="verifyGetAllWithServiceTicketFilters" time="3.591"/>
  <testcase classname="com.gapi.testCases.GetServiceTicketDetails" name="verifyGetAllWithServiceTicketFilters" time="2.931"/>
  <testcase classname="com.gapi.testCases.GetServiceTicketDetails" name="verifyGetAllWithServiceTicketFilters" time="2.803"/>
  <testcase classname="com.gapi.testCases.GetServiceTicketDetails" name="verifyGetAllWithServiceTicketFilters" time="3.426"/>
  <testcase classname="com.gapi.testCases.GetServiceTicketDetails" name="verifyGetAllWithServiceTicketFilters" time="3.451"/>
  <testcase classname="com.gapi.testCases.GetServiceTicketDetails" name="verifyGetAllWithServiceTicketFilters" time="3.586"/>
  <testcase classname="com.gapi.testCases.GetServiceTicketDetails" name="verifyGetAllWithServiceTicketFilters" time="3.73">
    <skipped/>
  </testcase> <!-- verifyGetAllWithServiceTicketFilters -->
  <testcase classname="com.gapi.testCases.GetServiceTicketDetails" name="verifyGetAllWithServiceTicketFilters" time="3.597">
    <failure type="java.lang.AssertionError" message="expected [true] but found [false]">
      <![CDATA[java.lang.AssertionError: expected [true] but found [false]
at com.gapi.testCases.GetServiceTicketDetails.verifyGetAllWithServiceTicketFilters(GetServiceTicketDetails.java:160)
at java.base/java.util.ArrayList.forEach(ArrayList.java:1511)
... Removed 29 stack frames]]>
    </failure>
  </testcase> <!-- verifyGetAllWithServiceTicketFilters -->
  <testcase classname="com.gapi.testCases.GetServiceTicketDetails" name="verifyGetAllWithServiceTicketFilters" time="3.385"/>
  <testcase classname="com.gapi.testCases.GetServiceTicketDetails" name="verifyGetAllWithServiceTicketFilters" time="3.455">
    <skipped/>
  </testcase> <!-- verifyGetAllWithServiceTicketFilters -->
  <testcase classname="com.gapi.testCases.GetServiceTicketDetails" name="verifyGetAllWithServiceTicketFilters" time="3.49">
    <failure type="java.lang.AssertionError" message="expected [true] but found [false]">
      <![CDATA[java.lang.AssertionError: expected [true] but found [false]
at com.gapi.testCases.GetServiceTicketDetails.verifyGetAllWithServiceTicketFilters(GetServiceTicketDetails.java:132)
at java.base/java.util.ArrayList.forEach(ArrayList.java:1511)
... Removed 29 stack frames]]>
    </failure>
  </testcase> <!-- verifyGetAllWithServiceTicketFilters -->
  <testcase classname="com.gapi.testCases.GetServiceTicketDetails" name="verifyGetAllWithServiceTicketFilters" time="3.804"/>
  <testcase classname="com.gapi.testCases.GetServiceTicketDetails" name="verifyGetAllWithServiceTicketFilters" time="3.618"/>
  <testcase classname="com.gapi.testCases.GetServiceTicketDetails" name="verifyGetAllWithServiceTicketFilters" time="3.643"/>
  <testcase classname="com.gapi.testCases.GetServiceTicketDetails" name="verifyGetAllWithServiceTicketFilters" time="3.399"/>
  <testcase classname="com.gapi.testCases.GetServiceTicketDetails" name="verifyGetAllWithServiceTicketFilters" time="4.517"/>
  <testcase classname="com.gapi.testCases.GetServiceTicketDetails" name="verifyGetAllWithServiceTicketFilters" time="3.376"/>
  <testcase classname="com.gapi.testCases.GetServiceTicketDetails" name="verifyGetAllWithServiceTicketFilters" time="3.502"/>
  <testcase classname="com.gapi.testCases.GetServiceTicketDetails" name="verifyGetAllWithServiceTicketFilters" time="3.357"/>
  <testcase classname="com.gapi.testCases.GetServiceTicketDetails" name="verifyGetAllWithServiceTicketFilters" time="3.441"/>
  <testcase classname="com.gapi.testCases.GetServiceTicketDetails" name="verifyGetAllWithServiceTicketFilters" time="3.21"/>
  <testcase classname="com.gapi.testCases.GetServiceTicketDetails" name="verifyGetAllWithServiceTicketFilters" time="3.511"/>
  <testcase classname="com.gapi.testCases.GetServiceTicketDetails" name="verifyGetAllWithServiceTicketFilters" time="3.526"/>
  <testcase classname="com.gapi.testCases.GetServiceTicketDetails" name="verifyGetAllWithServiceTicketFilters" time="3.574"/>
  <testcase classname="com.gapi.testCases.GetServiceTicketDetails" name="verifyGetAllWithServiceTicketFilters" time="3.487"/>
  <testcase classname="com.gapi.testCases.GetServiceTicketDetails" name="verifyGetAllWithServiceTicketFilters" time="3.213">
    <skipped/>
  </testcase> <!-- verifyGetAllWithServiceTicketFilters -->
  <testcase classname="com.gapi.testCases.GetServiceTicketDetails" name="verifyGetAllWithServiceTicketFilters" time="3.264">
    <failure type="java.lang.AssertionError" message="expected [true] but found [false]">
      <![CDATA[java.lang.AssertionError: expected [true] but found [false]
at com.gapi.testCases.GetServiceTicketDetails.verifyGetAllWithServiceTicketFilters(GetServiceTicketDetails.java:132)
at java.base/java.util.ArrayList.forEach(ArrayList.java:1511)
... Removed 29 stack frames]]>
    </failure>
  </testcase> <!-- verifyGetAllWithServiceTicketFilters -->
  <testcase classname="com.gapi.testCases.GetServiceTicketDetails" name="verifyGetAllWithServiceTicketFilters" time="3.535"/>
  <testcase classname="com.gapi.testCases.GetServiceTicketDetails" name="verifyGetAllWithServiceTicketFilters" time="3.752"/>
  <testcase classname="com.gapi.testCases.GetServiceTicketDetails" name="verifyGetAllWithServiceTicketFilters" time="3.494"/>
  <testcase classname="com.gapi.testCases.GetServiceTicketDetails" name="verifyGetAllWithServiceTicketFilters" time="3.532"/>
  <testcase classname="com.gapi.testCases.GetServiceTicketDetails" name="verifyGetAllWithServiceTicketFilters" time="3.4"/>
  <testcase classname="com.gapi.testCases.GetServiceTicketDetails" name="verifyGetAllWithServiceTicketFilters" time="3.73"/>
  <testcase classname="com.gapi.testCases.GetServiceTicketDetails" name="verifyGetAllWithServiceTicketFilters" time="3.583"/>
  <testcase classname="com.gapi.testCases.GetServiceTicketDetails" name="verifyGetAllWithServiceTicketFilters" time="3.548"/>
  <testcase classname="com.gapi.testCases.GetServiceTicketDetails" name="verifyGetAllWithServiceTicketFilters" time="3.525"/>
  <testcase classname="com.gapi.testCases.GetServiceTicketDetails" name="verifyGetAllWithServiceTicketFilters" time="3.436"/>
  <testcase classname="com.gapi.testCases.GetServiceTicketDetails" name="verifyGetAllWithServiceTicketFilters" time="3.612"/>
  <testcase classname="com.gapi.testCases.CreateRemoteHandsTicket" name="createRemoteHandsTicketAndVerifyEndToEndFlow" time="8.486">
    <skipped/>
  </testcase> <!-- createRemoteHandsTicketAndVerifyEndToEndFlow -->
  <testcase classname="com.gapi.testCases.CreateRemoteHandsTicket" name="createRemoteHandsTicketAndVerifyEndToEndFlow" time="5.601">
    <failure type="java.lang.AssertionError" message="expected [200] but found [500]">
      <![CDATA[java.lang.AssertionError: expected [200] but found [500]
at com.gapi.testCases.AddCommentsToTheRemoteHandsTicket.addCommentsToTheExistingTicket(AddCommentsToTheRemoteHandsTicket.java:91)
at com.gapi.utilities.TestUtilities.addCommentToTheRequestAndVerify(TestUtilities.java:473)
at com.gapi.testCases.CreateRemoteHandsTicket.createRemoteHandsTicketAndVerifyEndToEndFlow(CreateRemoteHandsTicket.java:124)
at java.base/java.util.ArrayList.forEach(ArrayList.java:1511)
... Removed 31 stack frames]]>
    </failure>
  </testcase> <!-- createRemoteHandsTicketAndVerifyEndToEndFlow -->
  <testcase classname="com.gapi.testCases.CreateRemoteHandsTicket" name="createRemoteHandsTicketAndVerifyEndToEndFlow" time="5.643">
    <skipped/>
  </testcase> <!-- createRemoteHandsTicketAndVerifyEndToEndFlow -->
  <testcase classname="com.gapi.testCases.CreateRemoteHandsTicket" name="createRemoteHandsTicketAndVerifyEndToEndFlow" time="5.484">
    <failure type="java.lang.AssertionError" message="expected [200] but found [500]">
      <![CDATA[java.lang.AssertionError: expected [200] but found [500]
at com.gapi.testCases.AddCommentsToTheRemoteHandsTicket.addCommentsToTheExistingTicket(AddCommentsToTheRemoteHandsTicket.java:91)
at com.gapi.utilities.TestUtilities.addCommentToTheRequestAndVerify(TestUtilities.java:473)
at com.gapi.testCases.CreateRemoteHandsTicket.createRemoteHandsTicketAndVerifyEndToEndFlow(CreateRemoteHandsTicket.java:124)
at java.base/java.util.ArrayList.forEach(ArrayList.java:1511)
... Removed 31 stack frames]]>
    </failure>
  </testcase> <!-- createRemoteHandsTicketAndVerifyEndToEndFlow -->
  <testcase classname="com.gapi.testCases.CreateRemoteHandsTicket" name="createRemoteHandsTicketAndVerifyEndToEndFlow" time="5.222">
    <skipped/>
  </testcase> <!-- createRemoteHandsTicketAndVerifyEndToEndFlow -->
  <testcase classname="com.gapi.testCases.CreateRemoteHandsTicket" name="createRemoteHandsTicketAndVerifyEndToEndFlow" time="5.439">
    <failure type="java.lang.AssertionError" message="expected [200] but found [500]">
      <![CDATA[java.lang.AssertionError: expected [200] but found [500]
at com.gapi.testCases.AddCommentsToTheRemoteHandsTicket.addCommentsToTheExistingTicket(AddCommentsToTheRemoteHandsTicket.java:91)
at com.gapi.utilities.TestUtilities.addCommentToTheRequestAndVerify(TestUtilities.java:473)
at com.gapi.testCases.CreateRemoteHandsTicket.createRemoteHandsTicketAndVerifyEndToEndFlow(CreateRemoteHandsTicket.java:124)
at java.base/java.util.ArrayList.forEach(ArrayList.java:1511)
... Removed 31 stack frames]]>
    </failure>
  </testcase> <!-- createRemoteHandsTicketAndVerifyEndToEndFlow -->
  <testcase classname="com.gapi.testCases.CreateRemoteHandsTicket" name="createRemoteHandsTicketwithNotificationRecipient" time="0.264"/>
  <testcase classname="com.gapi.testCases.CreateRemoteHandsTicket" name="createRemoteHandsTicketwithNotificationRecipient" time="6.17"/>
  <testcase classname="com.gapi.testCases.CreateRemoteHandsTicket" name="verifyCreateRHTicketForInvalidUser" time="0.236"/>
  <testcase classname="com.gapi.testCases.CreateRemoteHandsTicket" name="verifyCreateRemoteHandsTicket" time="11.283"/>
  <testcase classname="com.gapi.testCases.CreateRemoteHandsTicket" name="verifyCreateRemoteHandsTicket" time="11.872"/>
  <testcase classname="com.gapi.testCases.CreateRemoteHandsTicket" name="verifyCreateRemoteHandsTicket" time="11.55"/>
  <testcase classname="com.gapi.testCases.CreateRemoteHandsTicket" name="verifyCreateRemoteHandsTicket" time="11.483"/>
  <testcase classname="com.gapi.testCases.CreateRemoteHandsTicket" name="verifyCreateRemoteHandsTicket" time="10.588"/>
  <testcase classname="com.gapi.testCases.CreateRemoteHandsTicket" name="verifyCreateRemoteHandsTicket" time="12.175"/>
  <testcase classname="com.gapi.testCases.CreateRemoteHandsTicket" name="verifyCreateRemoteHandsTicket" time="12.169"/>
  <testcase classname="com.gapi.testCases.CreateRemoteHandsTicket" name="verifyCreateRemoteHandsTicket" time="11.551"/>
  <testcase classname="com.gapi.testCases.CreateRemoteHandsTicket" name="verifyCreateRemoteHandsTicket" time="11.204"/>
  <testcase classname="com.gapi.testCases.CreateRemoteHandsTicket" name="verifyCreateRemoteHandsTicket" time="10.66"/>
  <testcase classname="com.gapi.testCases.CreateRemoteHandsTicket" name="verifyCreateRemoteHandsTicket" time="10.464"/>
  <testcase classname="com.gapi.testCases.CreateRemoteHandsTicket" name="verifyCreateRemoteHandsTicket" time="11.484"/>
  <testcase classname="com.gapi.testCases.CreateRemoteHandsTicket" name="verifyCreateRemoteHandsTicket" time="11.986"/>
  <testcase classname="com.gapi.testCases.CreateRemoteHandsTicket" name="verifyCreateRemoteHandsTicket" time="0.27"/>
  <testcase classname="com.gapi.testCases.CreateRemoteHandsTicket" name="verifyCreateRemoteHandsTicket" time="0.275"/>
  <testcase classname="com.gapi.testCases.CreateRemoteHandsTicket" name="verifyCreateRemoteHandsTicket" time="11.378"/>
  <testcase classname="com.gapi.testCases.CreateRemoteHandsTicket" name="verifyCreateRemoteHandsTicket" time="11.236"/>
  <testcase classname="com.gapi.testCases.CreateRemoteHandsTicket" name="verifyCreateRemoteHandsTicket" time="11.328"/>
  <testcase classname="com.gapi.testCases.CreateRemoteHandsTicket" name="verifyCreateRemoteHandsTicket" time="11.732"/>
  <testcase classname="com.gapi.testCases.CreateRemoteHandsTicket" name="verifyCreateRemoteHandsTicket" time="12.254"/>
  <testcase classname="com.gapi.testCases.CreateRemoteHandsTicket" name="verifyCreateRemoteHandsTicket" time="0.285"/>
  <testcase classname="com.gapi.testCases.CreateRemoteHandsTicket" name="verifyCreateRemoteHandsTicket" time="11.506"/>
  <testcase classname="com.gapi.testCases.GetRemoteHandsTicketDetails" name="getAllRemoteHandsTicketsInfo" time="0.325">
    <skipped/>
  </testcase> <!-- getAllRemoteHandsTicketsInfo -->
  <testcase classname="com.gapi.testCases.GetRemoteHandsTicketDetails" name="getAllRemoteHandsTicketsInfo" time="0.283">
    <failure type="java.lang.AssertionError" message="expected [201] but found [404]">
      <![CDATA[java.lang.AssertionError: expected [201] but found [404]
at com.gapi.testCases.GetRemoteHandsTicketDetails.getAllRemoteHandsTicketsInfo(GetRemoteHandsTicketDetails.java:78)
at java.base/java.util.ArrayList.forEach(ArrayList.java:1511)
... Removed 31 stack frames]]>
    </failure>
  </testcase> <!-- getAllRemoteHandsTicketsInfo -->
  <testcase classname="com.gapi.testCases.GetRemoteHandsTicketDetails" name="getCategoryListForRemoteHandsRequestType" time="0.29"/>
  <testcase classname="com.gapi.testCases.GetRemoteHandsTicketDetails" name="getCategoryListForRemoteHandsRequestType" time="0.288"/>
  <testcase classname="com.gapi.testCases.GetRemoteHandsTicketDetails" name="getCategoryListForRemoteHandsRequestType" time="0.262"/>
  <testcase classname="com.gapi.testCases.GetRemoteHandsTicketDetails" name="verifyGetAllWithFilters" time="1.78">
    <skipped/>
  </testcase> <!-- verifyGetAllWithFilters -->
  <testcase classname="com.gapi.testCases.GetRemoteHandsTicketDetails" name="verifyGetAllWithFilters" time="1.861">
    <failure type="org.json.JSONException" message="JSONObject[&amp;quot;category&amp;quot;] not found.">
      <![CDATA[org.json.JSONException: JSONObject["category"] not found.
at org.json.JSONObject.get(JSONObject.java:520)
at org.json.JSONObject.getString(JSONObject.java:806)
at com.gapi.testCases.GetRemoteHandsTicketDetails.verifyGetAllWithFilters(GetRemoteHandsTicketDetails.java:256)
at java.base/java.util.ArrayList.forEach(ArrayList.java:1511)
... Removed 25 stack frames]]>
    </failure>
  </testcase> <!-- verifyGetAllWithFilters -->
  <testcase classname="com.gapi.testCases.GetRemoteHandsTicketDetails" name="verifyGetAllWithFilters" time="1.748">
    <skipped/>
  </testcase> <!-- verifyGetAllWithFilters -->
  <testcase classname="com.gapi.testCases.GetRemoteHandsTicketDetails" name="verifyGetAllWithFilters" time="1.783">
    <failure type="org.json.JSONException" message="JSONObject[&amp;quot;category&amp;quot;] not found.">
      <![CDATA[org.json.JSONException: JSONObject["category"] not found.
at org.json.JSONObject.get(JSONObject.java:520)
at org.json.JSONObject.getString(JSONObject.java:806)
at com.gapi.testCases.GetRemoteHandsTicketDetails.verifyGetAllWithFilters(GetRemoteHandsTicketDetails.java:256)
at java.base/java.util.ArrayList.forEach(ArrayList.java:1511)
... Removed 25 stack frames]]>
    </failure>
  </testcase> <!-- verifyGetAllWithFilters -->
  <testcase classname="com.gapi.testCases.GetRemoteHandsTicketDetails" name="verifyGetAllWithFilters" time="0.533"/>
  <testcase classname="com.gapi.testCases.GetRemoteHandsTicketDetails" name="verifyGetAllWithFilters" time="1.891">
    <skipped/>
  </testcase> <!-- verifyGetAllWithFilters -->
  <testcase classname="com.gapi.testCases.GetRemoteHandsTicketDetails" name="verifyGetAllWithFilters" time="1.821">
    <failure type="org.json.JSONException" message="JSONObject[&amp;quot;category&amp;quot;] not found.">
      <![CDATA[org.json.JSONException: JSONObject["category"] not found.
at org.json.JSONObject.get(JSONObject.java:520)
at org.json.JSONObject.getString(JSONObject.java:806)
at com.gapi.testCases.GetRemoteHandsTicketDetails.verifyGetAllWithFilters(GetRemoteHandsTicketDetails.java:256)
at java.base/java.util.ArrayList.forEach(ArrayList.java:1511)
... Removed 25 stack frames]]>
    </failure>
  </testcase> <!-- verifyGetAllWithFilters -->
  <testcase classname="com.gapi.testCases.GetRemoteHandsTicketDetails" name="verifyGetAllWithFilters" time="0.554">
    <skipped/>
  </testcase> <!-- verifyGetAllWithFilters -->
  <testcase classname="com.gapi.testCases.GetRemoteHandsTicketDetails" name="verifyGetAllWithFilters" time="0.54">
    <failure type="java.lang.AssertionError" message="expected [Cancellation Requested] but found [Cancelled]">
      <![CDATA[java.lang.AssertionError: expected [Cancellation Requested] but found [Cancelled]
at com.gapi.testCases.GetRemoteHandsTicketDetails.verifyGetAllWithFilters(GetRemoteHandsTicketDetails.java:252)
at java.base/java.util.ArrayList.forEach(ArrayList.java:1511)
... Removed 31 stack frames]]>
    </failure>
  </testcase> <!-- verifyGetAllWithFilters -->
  <testcase classname="com.gapi.testCases.GetRemoteHandsTicketDetails" name="verifyGetAllWithFilters" time="0.525">
    <skipped/>
  </testcase> <!-- verifyGetAllWithFilters -->
  <testcase classname="com.gapi.testCases.GetRemoteHandsTicketDetails" name="verifyGetAllWithFilters" time="0.511">
    <failure type="java.lang.AssertionError" message="expected [Cancellation Requested] but found [Cancelled]">
      <![CDATA[java.lang.AssertionError: expected [Cancellation Requested] but found [Cancelled]
at com.gapi.testCases.GetRemoteHandsTicketDetails.verifyGetAllWithFilters(GetRemoteHandsTicketDetails.java:252)
at java.base/java.util.ArrayList.forEach(ArrayList.java:1511)
... Removed 31 stack frames]]>
    </failure>
  </testcase> <!-- verifyGetAllWithFilters -->
  <testcase classname="com.gapi.testCases.GetRemoteHandsTicketDetails" name="verifyGetAllWithFilters" time="1.745"/>
  <testcase classname="com.gapi.testCases.GetRemoteHandsTicketDetails" name="verifyGetAllWithFilters" time="1.924"/>
  <testcase classname="com.gapi.testCases.GetRemoteHandsTicketDetails" name="verifyGetAllWithFilters" time="1.728"/>
  <testcase classname="com.gapi.testCases.GetRemoteHandsTicketDetails" name="verifyGetAllWithFilters" time="1.841">
    <skipped/>
  </testcase> <!-- verifyGetAllWithFilters -->
  <testcase classname="com.gapi.testCases.GetRemoteHandsTicketDetails" name="verifyGetAllWithFilters" time="1.956">
    <failure type="org.json.JSONException" message="JSONObject[&amp;quot;category&amp;quot;] not found.">
      <![CDATA[org.json.JSONException: JSONObject["category"] not found.
at org.json.JSONObject.get(JSONObject.java:520)
at org.json.JSONObject.getString(JSONObject.java:806)
at com.gapi.testCases.GetRemoteHandsTicketDetails.verifyGetAllWithFilters(GetRemoteHandsTicketDetails.java:282)
at java.base/java.util.ArrayList.forEach(ArrayList.java:1511)
... Removed 25 stack frames]]>
    </failure>
  </testcase> <!-- verifyGetAllWithFilters -->
  <testcase classname="com.gapi.testCases.GetRemoteHandsTicketDetails" name="verifyGetAllWithFilters" time="1.923">
    <skipped/>
  </testcase> <!-- verifyGetAllWithFilters -->
  <testcase classname="com.gapi.testCases.GetRemoteHandsTicketDetails" name="verifyGetAllWithFilters" time="2.076">
    <failure type="org.json.JSONException" message="JSONObject[&amp;quot;category&amp;quot;] not found.">
      <![CDATA[org.json.JSONException: JSONObject["category"] not found.
at org.json.JSONObject.get(JSONObject.java:520)
at org.json.JSONObject.getString(JSONObject.java:806)
at com.gapi.testCases.GetRemoteHandsTicketDetails.verifyGetAllWithFilters(GetRemoteHandsTicketDetails.java:282)
at java.base/java.util.ArrayList.forEach(ArrayList.java:1511)
... Removed 25 stack frames]]>
    </failure>
  </testcase> <!-- verifyGetAllWithFilters -->
  <testcase classname="com.gapi.testCases.GetRemoteHandsTicketDetails" name="verifyGetAllWithFilters" time="2.347">
    <skipped/>
  </testcase> <!-- verifyGetAllWithFilters -->
  <testcase classname="com.gapi.testCases.GetRemoteHandsTicketDetails" name="verifyGetAllWithFilters" time="2.117">
    <failure type="org.json.JSONException" message="JSONObject[&amp;quot;category&amp;quot;] not found.">
      <![CDATA[org.json.JSONException: JSONObject["category"] not found.
at org.json.JSONObject.get(JSONObject.java:520)
at org.json.JSONObject.getString(JSONObject.java:806)
at com.gapi.testCases.GetRemoteHandsTicketDetails.verifyGetAllWithFilters(GetRemoteHandsTicketDetails.java:256)
at java.base/java.util.ArrayList.forEach(ArrayList.java:1511)
... Removed 25 stack frames]]>
    </failure>
  </testcase> <!-- verifyGetAllWithFilters -->
  <testcase classname="com.gapi.testCases.GetRemoteHandsTicketDetails" name="verifyGetAllWithFilters" time="2.036"/>
  <testcase classname="com.gapi.testCases.GetRemoteHandsTicketDetails" name="verifyGetAllWithFilters" time="1.941"/>
  <testcase classname="com.gapi.testCases.GetRemoteHandsTicketDetails" name="verifyGetAllWithFilters" time="1.233"/>
  <testcase classname="com.gapi.testCases.GetRemoteHandsTicketDetails" name="verifyGetAllWithFilters" time="0.81">
    <skipped/>
  </testcase> <!-- verifyGetAllWithFilters -->
  <testcase classname="com.gapi.testCases.GetRemoteHandsTicketDetails" name="verifyGetAllWithFilters" time="0.781">
    <failure type="org.json.JSONException" message="JSONObject[&amp;quot;category&amp;quot;] not found.">
      <![CDATA[org.json.JSONException: JSONObject["category"] not found.
at org.json.JSONObject.get(JSONObject.java:520)
at org.json.JSONObject.getString(JSONObject.java:806)
at com.gapi.testCases.GetRemoteHandsTicketDetails.verifyGetAllWithFilters(GetRemoteHandsTicketDetails.java:282)
at java.base/java.util.ArrayList.forEach(ArrayList.java:1511)
... Removed 25 stack frames]]>
    </failure>
  </testcase> <!-- verifyGetAllWithFilters -->
  <testcase classname="com.gapi.testCases.GetRemoteHandsTicketDetails" name="verifyGetAllWithFilters" time="1.989">
    <skipped/>
  </testcase> <!-- verifyGetAllWithFilters -->
  <testcase classname="com.gapi.testCases.GetRemoteHandsTicketDetails" name="verifyGetAllWithFilters" time="2.116">
    <failure type="org.json.JSONException" message="JSONObject[&amp;quot;category&amp;quot;] not found.">
      <![CDATA[org.json.JSONException: JSONObject["category"] not found.
at org.json.JSONObject.get(JSONObject.java:520)
at org.json.JSONObject.getString(JSONObject.java:806)
at com.gapi.testCases.GetRemoteHandsTicketDetails.verifyGetAllWithFilters(GetRemoteHandsTicketDetails.java:282)
at java.base/java.util.ArrayList.forEach(ArrayList.java:1511)
... Removed 25 stack frames]]>
    </failure>
  </testcase> <!-- verifyGetAllWithFilters -->
  <testcase classname="com.gapi.testCases.GetRemoteHandsTicketDetails" name="verifyGetAllWithFilters" time="1.994"/>
  <testcase classname="com.gapi.testCases.GetRemoteHandsTicketDetails" name="verifyGetAllWithFilters" time="1.186"/>
  <testcase classname="com.gapi.testCases.GetRemoteHandsTicketDetails" name="verifyGetAllWithFilters" time="1.158"/>
  <testcase classname="com.gapi.testCases.GetRemoteHandsTicketDetails" name="verifyGetAllWithFilters" time="1.969">
    <skipped/>
  </testcase> <!-- verifyGetAllWithFilters -->
  <testcase classname="com.gapi.testCases.GetRemoteHandsTicketDetails" name="verifyGetAllWithFilters" time="1.805">
    <failure type="org.json.JSONException" message="JSONObject[&amp;quot;category&amp;quot;] not found.">
      <![CDATA[org.json.JSONException: JSONObject["category"] not found.
at org.json.JSONObject.get(JSONObject.java:520)
at org.json.JSONObject.getString(JSONObject.java:806)
at com.gapi.testCases.GetRemoteHandsTicketDetails.verifyGetAllWithFilters(GetRemoteHandsTicketDetails.java:282)
at java.base/java.util.ArrayList.forEach(ArrayList.java:1511)
... Removed 25 stack frames]]>
    </failure>
  </testcase> <!-- verifyGetAllWithFilters -->
  <testcase classname="com.gapi.testCases.GetRemoteHandsTicketDetails" name="verifyGetAllWithFilters" time="0.456">
    <skipped/>
  </testcase> <!-- verifyGetAllWithFilters -->
  <testcase classname="com.gapi.testCases.GetRemoteHandsTicketDetails" name="verifyGetAllWithFilters" time="0.481">
    <failure type="org.json.JSONException" message="A JSONObject text must begin with &amp;apos;{&amp;apos; at 0 [character 1 line 1]">
      <![CDATA[org.json.JSONException: A JSONObject text must begin with '{' at 0 [character 1 line 1]
at org.json.JSONTokener.syntaxError(JSONTokener.java:505)
at org.json.JSONObject.<init>(JSONObject.java:214)
at org.json.JSONObject.<init>(JSONObject.java:357)
at com.gapi.testCases.GetRemoteHandsTicketDetails.verifyGetAllWithFilters(GetRemoteHandsTicketDetails.java:233)
at java.base/java.util.ArrayList.forEach(ArrayList.java:1511)
... Removed 25 stack frames]]>
    </failure>
  </testcase> <!-- verifyGetAllWithFilters -->
  <testcase classname="com.gapi.testCases.GetRemoteHandsTicketDetails" name="verifyGetAllWithFilters" time="1.923"/>
  <testcase classname="com.gapi.testCases.GetRemoteHandsTicketDetails" name="verifyGetAllWithFilters" time="2.128"/>
  <testcase classname="com.gapi.testCases.GetRemoteHandsTicketDetails" name="verifyGetAllWithFilters" time="1.84"/>
  <testcase classname="com.gapi.testCases.GetRemoteHandsTicketDetails" name="verifyGetAllWithFilters" time="1.886"/>
  <testcase classname="com.gapi.testCases.GetRemoteHandsTicketDetails" name="verifyGetAllWithFilters" time="1.808"/>
  <testcase classname="com.gapi.testCases.GetRemoteHandsTicketDetails" name="verifyGetAllWithFilters" time="0.537"/>
  <testcase classname="com.gapi.testCases.GetRemoteHandsTicketDetails" name="verifyGetAllWithFilters" time="1.845"/>
  <testcase classname="com.gapi.testCases.GetRemoteHandsTicketDetails" name="verifyGetAllWithFilters" time="1.851"/>
  <testcase classname="com.gapi.testCases.GetRemoteHandsTicketDetails" name="verifyGetAllWithFilters" time="1.05"/>
  <testcase classname="com.gapi.testCases.GetRemoteHandsTicketDetails" name="verifyGetAllWithFilters" time="1.046"/>
  <testcase classname="com.gapi.testCases.GetRemoteHandsTicketDetails" name="verifyGetAllWithFilters" time="1.782"/>
  <testcase classname="com.gapi.testCases.GetRemoteHandsTicketDetails" name="verifyGetAllWithFilters" time="1.064"/>
  <testcase classname="com.gapi.testCases.GetRemoteHandsTicketDetails" name="verifyGetAllWithFilters" time="1.8"/>
  <testcase classname="com.gapi.testCases.GetRemoteHandsTicketDetails" name="verifyGetAllWithFilters" time="1.025">
    <skipped/>
  </testcase> <!-- verifyGetAllWithFilters -->
  <testcase classname="com.gapi.testCases.GetRemoteHandsTicketDetails" name="verifyGetAllWithFilters" time="0.968">
    <failure type="java.lang.AssertionError" message="expected [25] but found [10]">
      <![CDATA[java.lang.AssertionError: expected [25] but found [10]
at com.gapi.testCases.GetRemoteHandsTicketDetails.verifyGetAllWithFilters(GetRemoteHandsTicketDetails.java:270)
at java.base/java.util.ArrayList.forEach(ArrayList.java:1511)
... Removed 31 stack frames]]>
    </failure>
  </testcase> <!-- verifyGetAllWithFilters -->
  <testcase classname="com.gapi.testCases.GetRemoteHandsTicketDetails" name="verifyGetAllWithFilters" time="2.058"/>
  <testcase classname="com.gapi.testCases.GetRemoteHandsTicketDetails" name="verifyGetRemoteHandsTicketInfoByInvalidId" time="0.4"/>
  <testcase classname="com.gapi.testCases.CreateCustomerSupportTicket" name="createCustomerSupportTicketAndVerifyEndToEndFlow" time="5.491">
    <skipped/>
  </testcase> <!-- createCustomerSupportTicketAndVerifyEndToEndFlow -->
  <testcase classname="com.gapi.testCases.CreateCustomerSupportTicket" name="createCustomerSupportTicketAndVerifyEndToEndFlow" time="5.399">
    <failure type="java.lang.AssertionError" message="expected [200] but found [500]">
      <![CDATA[java.lang.AssertionError: expected [200] but found [500]
at com.gapi.testCases.AddCommentsToTheRemoteHandsTicket.addCommentsToTheExistingTicket(AddCommentsToTheRemoteHandsTicket.java:91)
at com.gapi.utilities.TestUtilities.addCommentToTheRequestAndVerify(TestUtilities.java:473)
at com.gapi.testCases.CreateCustomerSupportTicket.createCustomerSupportTicketAndVerifyEndToEndFlow(CreateCustomerSupportTicket.java:109)
at java.base/java.util.ArrayList.forEach(ArrayList.java:1511)
... Removed 31 stack frames]]>
    </failure>
  </testcase> <!-- createCustomerSupportTicketAndVerifyEndToEndFlow -->
  <testcase classname="com.gapi.testCases.CreateCustomerSupportTicket" name="createCustomerSupportTicketAndVerifyEndToEndFlow" time="6.613">
    <skipped/>
  </testcase> <!-- createCustomerSupportTicketAndVerifyEndToEndFlow -->
  <testcase classname="com.gapi.testCases.CreateCustomerSupportTicket" name="createCustomerSupportTicketAndVerifyEndToEndFlow" time="5.561">
    <failure type="java.lang.AssertionError" message="expected [200] but found [500]">
      <![CDATA[java.lang.AssertionError: expected [200] but found [500]
at com.gapi.testCases.AddCommentsToTheRemoteHandsTicket.addCommentsToTheExistingTicket(AddCommentsToTheRemoteHandsTicket.java:91)
at com.gapi.utilities.TestUtilities.addCommentToTheRequestAndVerify(TestUtilities.java:473)
at com.gapi.testCases.CreateCustomerSupportTicket.createCustomerSupportTicketAndVerifyEndToEndFlow(CreateCustomerSupportTicket.java:109)
at java.base/java.util.ArrayList.forEach(ArrayList.java:1511)
... Removed 31 stack frames]]>
    </failure>
  </testcase> <!-- createCustomerSupportTicketAndVerifyEndToEndFlow -->
  <testcase classname="com.gapi.testCases.CreateCustomerSupportTicket" name="createCustomerSupportTicketAndVerifyEndToEndFlow" time="5.918">
    <skipped/>
  </testcase> <!-- createCustomerSupportTicketAndVerifyEndToEndFlow -->
  <testcase classname="com.gapi.testCases.CreateCustomerSupportTicket" name="createCustomerSupportTicketAndVerifyEndToEndFlow" time="5.507">
    <failure type="java.lang.AssertionError" message="expected [200] but found [500]">
      <![CDATA[java.lang.AssertionError: expected [200] but found [500]
at com.gapi.testCases.AddCommentsToTheRemoteHandsTicket.addCommentsToTheExistingTicket(AddCommentsToTheRemoteHandsTicket.java:91)
at com.gapi.utilities.TestUtilities.addCommentToTheRequestAndVerify(TestUtilities.java:473)
at com.gapi.testCases.CreateCustomerSupportTicket.createCustomerSupportTicketAndVerifyEndToEndFlow(CreateCustomerSupportTicket.java:109)
at java.base/java.util.ArrayList.forEach(ArrayList.java:1511)
... Removed 31 stack frames]]>
    </failure>
  </testcase> <!-- createCustomerSupportTicketAndVerifyEndToEndFlow -->
  <testcase classname="com.gapi.testCases.CreateCustomerSupportTicket" name="retrieveCustomerSupportTicketAttachmentusingRequestId" time="1.178">
    <skipped/>
  </testcase> <!-- retrieveCustomerSupportTicketAttachmentusingRequestId -->
  <testcase classname="com.gapi.testCases.CreateCustomerSupportTicket" name="retrieveCustomerSupportTicketAttachmentusingRequestId" time="1.006">
    <failure type="java.lang.NoSuchMethodError" message="&amp;apos;org.apache.http.entity.ContentType org.apache.http.entity.ContentType.withParameters(org.apache.http.NameValuePair[])&amp;apos;">
      <![CDATA[java.lang.NoSuchMethodError: 'org.apache.http.entity.ContentType org.apache.http.entity.ContentType.withParameters(org.apache.http.NameValuePair[])'
at org.apache.http.entity.mime.MultipartEntityBuilder.buildEntity(MultipartEntityBuilder.java:219)
at org.apache.http.entity.mime.MultipartEntityBuilder.build(MultipartEntityBuilder.java:240)
at org.apache.http.entity.mime.MultipartEntityBuilder$build$5.call(Unknown Source)
at io.restassured.internal.multipart.RestAssuredMultiPartEntity.getEntity(RestAssuredMultiPartEntity.groovy:58)
at io.restassured.internal.multipart.RestAssuredMultiPartEntity.getContentType(RestAssuredMultiPartEntity.groovy:89)
at groovy.lang.MetaMethod.doMethodInvoke(MetaMethod.java:323)
at org.codehaus.groovy.runtime.metaclass.MethodMetaProperty$GetBeanMethodMetaProperty.getProperty(MethodMetaProperty.java:76)
at org.codehaus.groovy.runtime.callsite.GetEffectivePogoPropertySite.getProperty(GetEffectivePogoPropertySite.java:85)
at org.codehaus.groovy.runtime.callsite.AbstractCallSite.callGetProperty(AbstractCallSite.java:329)
at org.codehaus.groovy.runtime.callsite.AbstractCallSite.callGetPropertySafe(AbstractCallSite.java:448)
at io.restassured.internal.RequestSpecificationImpl$RestAssuredHttpBuilder.shouldApplyContentTypeFromRestAssuredConfigDelegate(RequestSpecificationImpl.groovy:2139)
at org.codehaus.groovy.runtime.callsite.PlainObjectMetaMethodSite.doInvoke(PlainObjectMetaMethodSite.java:43)
at org.codehaus.groovy.runtime.callsite.PogoMetaMethodSite$PogoCachedMethodSiteNoUnwrapNoCoerce.invoke(PogoMetaMethodSite.java:193)
at org.codehaus.groovy.runtime.callsite.PogoMetaMethodSite.callCurrent(PogoMetaMethodSite.java:61)
at org.codehaus.groovy.runtime.callsite.AbstractCallSite.callCurrent(AbstractCallSite.java:194)
at io.restassured.internal.RequestSpecificationImpl$RestAssuredHttpBuilder.doRequest(RequestSpecificationImpl.groovy:2060)
at io.restassured.internal.http.HTTPBuilder.post(HTTPBuilder.java:350)
at io.restassured.internal.http.HTTPBuilder$post$2.call(Unknown Source)
at io.restassured.internal.RequestSpecificationImpl.sendRequest(RequestSpecificationImpl.groovy:1194)
at groovy.lang.MetaMethod.doMethodInvoke(MetaMethod.java:323)
at groovy.lang.MetaClassImpl.invokeMethod(MetaClassImpl.java:1268)
at groovy.lang.MetaClassImpl.invokeMethod(MetaClassImpl.java:1035)
at groovy.lang.MetaClassImpl.invokeMethod(MetaClassImpl.java:819)
at groovy.lang.GroovyObject.invokeMethod(GroovyObject.java:39)
at org.codehaus.groovy.runtime.callsite.PogoInterceptableSite.call(PogoInterceptableSite.java:45)
at org.codehaus.groovy.runtime.callsite.AbstractCallSite.call(AbstractCallSite.java:166)
at io.restassured.internal.filter.SendRequestFilter.filter(SendRequestFilter.groovy:30)
at io.restassured.filter.Filter$filter$0.call(Unknown Source)
at org.codehaus.groovy.runtime.callsite.CallSiteArray.defaultCall(CallSiteArray.java:47)
at io.restassured.filter.Filter$filter.call(Unknown Source)
at io.restassured.internal.filter.FilterContextImpl.next(FilterContextImpl.groovy:72)
at io.restassured.filter.time.TimingFilter.filter(TimingFilter.java:56)
at io.restassured.filter.Filter$filter.call(Unknown Source)
at org.codehaus.groovy.runtime.callsite.CallSiteArray.defaultCall(CallSiteArray.java:47)
at io.restassured.filter.Filter$filter$0.call(Unknown Source)
at io.restassured.internal.filter.FilterContextImpl.next(FilterContextImpl.groovy:72)
at io.restassured.filter.FilterContext$next.call(Unknown Source)
at io.restassured.internal.RequestSpecificationImpl.applyPathParamsAndSendRequest(RequestSpecificationImpl.groovy:1686)
at groovy.lang.MetaMethod.doMethodInvoke(MetaMethod.java:323)
at groovy.lang.MetaClassImpl.invokeMethod(MetaClassImpl.java:1268)
at groovy.lang.MetaClassImpl.invokeMethod(MetaClassImpl.java:1035)
at groovy.lang.MetaClassImpl.invokeMethod(MetaClassImpl.java:819)
at groovy.lang.GroovyObject.invokeMethod(GroovyObject.java:39)
at org.codehaus.groovy.runtime.callsite.PogoInterceptableSite.call(PogoInterceptableSite.java:45)
at org.codehaus.groovy.runtime.callsite.PogoInterceptableSite.callCurrent(PogoInterceptableSite.java:55)
at org.codehaus.groovy.runtime.callsite.AbstractCallSite.callCurrent(AbstractCallSite.java:203)
at io.restassured.internal.RequestSpecificationImpl.applyPathParamsAndSendRequest(RequestSpecificationImpl.groovy:1692)
at groovy.lang.MetaMethod.doMethodInvoke(MetaMethod.java:323)
at groovy.lang.MetaClassImpl.invokeMethod(MetaClassImpl.java:1268)
at groovy.lang.MetaClassImpl.invokeMethod(MetaClassImpl.java:1035)
at groovy.lang.MetaClassImpl.invokeMethod(MetaClassImpl.java:819)
at groovy.lang.GroovyObject.invokeMethod(GroovyObject.java:39)
at org.codehaus.groovy.runtime.callsite.PogoInterceptableSite.call(PogoInterceptableSite.java:45)
at org.codehaus.groovy.runtime.callsite.PogoInterceptableSite.callCurrent(PogoInterceptableSite.java:55)
at org.codehaus.groovy.runtime.callsite.AbstractCallSite.callCurrent(AbstractCallSite.java:203)
at io.restassured.internal.RequestSpecificationImpl.post(RequestSpecificationImpl.groovy:180)
at io.restassured.internal.RequestSpecificationImpl.post(RequestSpecificationImpl.groovy)
at com.gapi.utilities.TestUtilities.postAttachmentRequest(TestUtilities.java:957)
at com.gapi.testCases.CreateCustomerSupportTicket.retrieveCustomerSupportTicketAttachmentusingRequestId(CreateCustomerSupportTicket.java:180)
at java.base/java.util.ArrayList.forEach(ArrayList.java:1511)
... Removed 39 stack frames]]>
    </failure>
  </testcase> <!-- retrieveCustomerSupportTicketAttachmentusingRequestId -->
  <testcase classname="com.gapi.testCases.CreateCustomerSupportTicket" name="verifyCreateCSTicketForInvalidUser" time="0.292"/>
  <testcase classname="com.gapi.testCases.CreateCustomerSupportTicket" name="verifyCreateCustomerSupportTicket" time="4.353"/>
  <testcase classname="com.gapi.testCases.CreateCustomerSupportTicket" name="verifyCreateCustomerSupportTicket" time="4.509"/>
  <testcase classname="com.gapi.testCases.CreateCustomerSupportTicket" name="verifyCreateCustomerSupportTicket" time="4.658"/>
  <testcase classname="com.gapi.testCases.CreateCustomerSupportTicket" name="verifyCreateCustomerSupportTicket" time="4.518"/>
  <testcase classname="com.gapi.testCases.CreateCustomerSupportTicket" name="verifyCreateCustomerSupportTicket" time="4.703"/>
  <testcase classname="com.gapi.testCases.CreateCustomerSupportTicket" name="verifyCreateCustomerSupportTicket" time="4.518"/>
  <testcase classname="com.gapi.testCases.CreateCustomerSupportTicket" name="verifyCreateCustomerSupportTicket" time="4.832"/>
  <testcase classname="com.gapi.testCases.CreateCustomerSupportTicket" name="verifyCreateCustomerSupportTicket" time="4.804"/>
  <testcase classname="com.gapi.testCases.CreateCustomerSupportTicket" name="verifyCreateCustomerSupportTicket" time="4.62"/>
  <testcase classname="com.gapi.testCases.CreateCustomerSupportTicket" name="verifyCreateCustomerSupportTicket" time="4.883"/>
  <testcase classname="com.gapi.testCases.CreateCustomerSupportTicket" name="verifyCreateCustomerSupportTicket" time="4.568"/>
  <testcase classname="com.gapi.testCases.CreateCustomerSupportTicket" name="verifyCreateCustomerSupportTicket" time="4.623"/>
  <testcase classname="com.gapi.testCases.CreateCustomerSupportTicket" name="verifyCreateCustomerSupportTicket" time="4.474"/>
  <testcase classname="com.gapi.testCases.CreateCustomerSupportTicket" name="verifyCreateCustomerSupportTicket" time="4.57"/>
  <testcase classname="com.gapi.testCases.CreateCustomerSupportTicket" name="verifyCreateCustomerSupportTicket" time="4.319"/>
  <testcase classname="com.gapi.testCases.CreateCustomerSupportTicket" name="verifyCreateCustomerSupportTicket" time="4.554"/>
  <testcase classname="com.gapi.testCases.CreateCustomerSupportTicket" name="verifyCreateCustomerSupportTicket" time="4.515"/>
  <testcase classname="com.gapi.testCases.CreateCustomerSupportTicket" name="verifyCreateCustomerSupportTicket" time="4.791"/>
  <testcase classname="com.gapi.testCases.CreateCustomerSupportTicket" name="verifyCreateCustomerSupportTicket" time="4.551"/>
  <testcase classname="com.gapi.testCases.CreateCustomerSupportTicket" name="verifyCreateCustomerSupportTicket" time="0.259"/>
  <testcase classname="com.gapi.testCases.CreateCustomerSupportTicket" name="verifyCreateCustomerSupportTicket" time="4.501"/>
  <testcase classname="com.gapi.testCases.CreateCustomerSupportTicket" name="verifyCreateCustomerSupportTicket" time="4.647"/>
  <testcase classname="com.gapi.testCases.CreateCustomerSupportTicket" name="verifyCreateCustomerSupportTicket" time="4.81"/>
  <testcase classname="com.gapi.testCases.CreateCustomerSupportTicket" name="verifyCreateCustomerSupportTicket" time="5.571"/>
  <testcase classname="com.gapi.testCases.CreateCustomerSupportTicket" name="verifyCreateCustomerSupportTicket" time="4.752"/>
  <testcase classname="com.gapi.testCases.CreateCustomerSupportTicket" name="verifyCreateCustomerSupportTicket" time="4.675"/>
  <testcase classname="com.gapi.testCases.CreateCustomerSupportTicket" name="verifyCreateCustomerSupportTicket" time="5.067"/>
  <testcase classname="com.gapi.testCases.GetCustomerSupportTicketDetails" name="getCategoryListForCustomerSupportRequestType" time="0.285"/>
  <testcase classname="com.gapi.testCases.GetCustomerSupportTicketDetails" name="getCategoryListForCustomerSupportRequestType" time="0.315"/>
  <testcase classname="com.gapi.testCases.GetCustomerSupportTicketDetails" name="getCategoryListForCustomerSupportRequestType" time="0.292"/>
  <testcase classname="com.gapi.testCases.GetCustomerSupportTicketDetails" name="getCategoryListForCustomerSupportRequestType" time="0.325"/>
  <testcase classname="com.gapi.testCases.GetCustomerSupportTicketDetails" name="getCategoryListForCustomerSupportRequestType" time="0.257"/>
  <testcase classname="com.gapi.testCases.GetCustomerSupportTicketDetails" name="verifyCustomerSupportTicketInfoByInvalidId" time="0.424"/>
  <testcase classname="com.gapi.testCases.GetCustomerSupportTicketDetails" name="verifyGetAllWithCustomerSupportTicketFilters" time="3.311"/>
  <testcase classname="com.gapi.testCases.GetCustomerSupportTicketDetails" name="verifyGetAllWithCustomerSupportTicketFilters" time="3.429"/>
  <testcase classname="com.gapi.testCases.GetCustomerSupportTicketDetails" name="verifyGetAllWithCustomerSupportTicketFilters" time="1.838"/>
  <testcase classname="com.gapi.testCases.GetCustomerSupportTicketDetails" name="verifyGetAllWithCustomerSupportTicketFilters" time="3.659"/>
  <testcase classname="com.gapi.testCases.GetCustomerSupportTicketDetails" name="verifyGetAllWithCustomerSupportTicketFilters" time="1.909"/>
  <testcase classname="com.gapi.testCases.GetCustomerSupportTicketDetails" name="verifyGetAllWithCustomerSupportTicketFilters" time="3.426"/>
  <testcase classname="com.gapi.testCases.GetCustomerSupportTicketDetails" name="verifyGetAllWithCustomerSupportTicketFilters" time="3.168"/>
  <testcase classname="com.gapi.testCases.GetCustomerSupportTicketDetails" name="verifyGetAllWithCustomerSupportTicketFilters" time="3.36"/>
  <testcase classname="com.gapi.testCases.GetCustomerSupportTicketDetails" name="verifyGetAllWithCustomerSupportTicketFilters" time="3.414"/>
  <testcase classname="com.gapi.testCases.GetCustomerSupportTicketDetails" name="verifyGetAllWithCustomerSupportTicketFilters" time="1.683"/>
  <testcase classname="com.gapi.testCases.GetCustomerSupportTicketDetails" name="verifyGetAllWithCustomerSupportTicketFilters" time="1.791"/>
  <testcase classname="com.gapi.testCases.GetCustomerSupportTicketDetails" name="verifyGetAllWithCustomerSupportTicketFilters" time="2.963"/>
  <testcase classname="com.gapi.testCases.GetCustomerSupportTicketDetails" name="verifyGetAllWithCustomerSupportTicketFilters" time="3.346"/>
  <testcase classname="com.gapi.testCases.GetCustomerSupportTicketDetails" name="verifyGetAllWithCustomerSupportTicketFilters" time="2.417"/>
  <testcase classname="com.gapi.testCases.GetCustomerSupportTicketDetails" name="verifyGetAllWithCustomerSupportTicketFilters" time="2.403"/>
  <testcase classname="com.gapi.testCases.GetCustomerSupportTicketDetails" name="verifyGetAllWithCustomerSupportTicketFilters" time="3.463"/>
  <testcase classname="com.gapi.testCases.GetCustomerSupportTicketDetails" name="verifyGetAllWithCustomerSupportTicketFilters" time="3.441"/>
  <testcase classname="com.gapi.testCases.GetCustomerSupportTicketDetails" name="verifyGetAllWithCustomerSupportTicketFilters" time="1.699"/>
  <testcase classname="com.gapi.testCases.GetCustomerSupportTicketDetails" name="verifyGetAllWithCustomerSupportTicketFilters" time="3.267"/>
  <testcase classname="com.gapi.testCases.GetCustomerSupportTicketDetails" name="verifyGetAllWithCustomerSupportTicketFilters" time="3.482"/>
  <testcase classname="com.gapi.testCases.GetCustomerSupportTicketDetails" name="verifyGetAllWithCustomerSupportTicketFilters" time="3.416"/>
  <testcase classname="com.gapi.testCases.GetCustomerSupportTicketDetails" name="verifyGetAllWithCustomerSupportTicketFilters" time="2.852"/>
  <testcase classname="com.gapi.testCases.GetCustomerSupportTicketDetails" name="verifyGetAllWithCustomerSupportTicketFilters" time="3.739">
    <skipped/>
  </testcase> <!-- verifyGetAllWithCustomerSupportTicketFilters -->
  <testcase classname="com.gapi.testCases.GetCustomerSupportTicketDetails" name="verifyGetAllWithCustomerSupportTicketFilters" time="3.863">
    <failure type="java.lang.AssertionError" message="expected [true] but found [false]">
      <![CDATA[java.lang.AssertionError: expected [true] but found [false]
at com.gapi.testCases.GetCustomerSupportTicketDetails.verifyGetAllWithCustomerSupportTicketFilters(GetCustomerSupportTicketDetails.java:212)
at java.base/java.util.ArrayList.forEach(ArrayList.java:1511)
... Removed 29 stack frames]]>
    </failure>
  </testcase> <!-- verifyGetAllWithCustomerSupportTicketFilters -->
  <testcase classname="com.gapi.testCases.GetCustomerSupportTicketDetails" name="verifyGetAllWithCustomerSupportTicketFilters" time="3.441"/>
  <testcase classname="com.gapi.testCases.GetCustomerSupportTicketDetails" name="verifyGetAllWithCustomerSupportTicketFilters" time="1.918"/>
  <testcase classname="com.gapi.testCases.GetCustomerSupportTicketDetails" name="verifyGetAllWithCustomerSupportTicketFilters" time="3.71"/>
  <testcase classname="com.gapi.testCases.GetCustomerSupportTicketDetails" name="verifyGetAllWithCustomerSupportTicketFilters" time="3.145">
    <skipped/>
  </testcase> <!-- verifyGetAllWithCustomerSupportTicketFilters -->
  <testcase classname="com.gapi.testCases.GetCustomerSupportTicketDetails" name="verifyGetAllWithCustomerSupportTicketFilters" time="3.14">
    <failure type="java.lang.AssertionError" message="expected [true] but found [false]">
      <![CDATA[java.lang.AssertionError: expected [true] but found [false]
at com.gapi.testCases.GetCustomerSupportTicketDetails.verifyCategoryValue(GetCustomerSupportTicketDetails.java:231)
at com.gapi.testCases.GetCustomerSupportTicketDetails.verifyGetAllWithCustomerSupportTicketFilters(GetCustomerSupportTicketDetails.java:214)
at java.base/java.util.ArrayList.forEach(ArrayList.java:1511)
... Removed 29 stack frames]]>
    </failure>
  </testcase> <!-- verifyGetAllWithCustomerSupportTicketFilters -->
  <testcase classname="com.gapi.testCases.GetCustomerSupportTicketDetails" name="verifyGetAllWithCustomerSupportTicketFilters" time="1.731"/>
  <testcase classname="com.gapi.testCases.GetCustomerSupportTicketDetails" name="verifyGetAllWithCustomerSupportTicketFilters" time="2.353"/>
  <testcase classname="com.gapi.testCases.GetCustomerSupportTicketDetails" name="verifyGetAllWithCustomerSupportTicketFilters" time="3.501"/>
  <testcase classname="com.gapi.testCases.GetCustomerSupportTicketDetails" name="verifyGetAllWithCustomerSupportTicketFilters" time="3.35"/>
  <testcase classname="com.gapi.testCases.GetCustomerSupportTicketDetails" name="verifyGetAllWithCustomerSupportTicketFilters" time="1.922"/>
  <testcase classname="com.gapi.testCases.GetCustomerSupportTicketDetails" name="verifyGetAllWithCustomerSupportTicketFilters" time="3.153"/>
  <testcase classname="com.gapi.testCases.GetCustomerSupportTicketDetails" name="verifyGetAllWithCustomerSupportTicketFilters" time="1.91"/>
  <testcase classname="com.gapi.testCases.GetCustomerSupportTicketDetails" name="verifyGetAllWithCustomerSupportTicketFilters" time="1.965"/>
  <testcase classname="com.gapi.testCases.GetCustomerSupportTicketDetails" name="verifyGetAllWithCustomerSupportTicketFilters" time="1.997"/>
  <testcase classname="com.gapi.testCases.CreateShipmentsTicket" name="AddAttachmentstoShipmentsTicket" time="0.004">
    <skipped/>
  </testcase> <!-- AddAttachmentstoShipmentsTicket -->
  <testcase classname="com.gapi.testCases.CreateShipmentsTicket" name="AddAttachmentstoShipmentsTicket" time="0.004">
    <failure type="java.lang.NoSuchMethodError" message="&amp;apos;org.apache.http.entity.ContentType org.apache.http.entity.ContentType.withParameters(org.apache.http.NameValuePair[])&amp;apos;">
      <![CDATA[java.lang.NoSuchMethodError: 'org.apache.http.entity.ContentType org.apache.http.entity.ContentType.withParameters(org.apache.http.NameValuePair[])'
at org.apache.http.entity.mime.MultipartEntityBuilder.buildEntity(MultipartEntityBuilder.java:219)
at org.apache.http.entity.mime.MultipartEntityBuilder.build(MultipartEntityBuilder.java:240)
at org.apache.http.entity.mime.MultipartEntityBuilder$build$5.call(Unknown Source)
at io.restassured.internal.multipart.RestAssuredMultiPartEntity.getEntity(RestAssuredMultiPartEntity.groovy:58)
at io.restassured.internal.multipart.RestAssuredMultiPartEntity.getContentType(RestAssuredMultiPartEntity.groovy:89)
at groovy.lang.MetaMethod.doMethodInvoke(MetaMethod.java:323)
at org.codehaus.groovy.runtime.metaclass.MethodMetaProperty$GetBeanMethodMetaProperty.getProperty(MethodMetaProperty.java:76)
at org.codehaus.groovy.runtime.callsite.GetEffectivePogoPropertySite.callGetProperty(GetEffectivePogoPropertySite.java:48)
at org.codehaus.groovy.runtime.callsite.AbstractCallSite.callGetPropertySafe(AbstractCallSite.java:448)
at io.restassured.internal.RequestSpecificationImpl$RestAssuredHttpBuilder.shouldApplyContentTypeFromRestAssuredConfigDelegate(RequestSpecificationImpl.groovy:2139)
at org.codehaus.groovy.runtime.callsite.PlainObjectMetaMethodSite.doInvoke(PlainObjectMetaMethodSite.java:43)
at org.codehaus.groovy.runtime.callsite.PogoMetaMethodSite$PogoCachedMethodSiteNoUnwrapNoCoerce.invoke(PogoMetaMethodSite.java:193)
at org.codehaus.groovy.runtime.callsite.PogoMetaMethodSite.callCurrent(PogoMetaMethodSite.java:61)
at org.codehaus.groovy.runtime.callsite.AbstractCallSite.callCurrent(AbstractCallSite.java:194)
at io.restassured.internal.RequestSpecificationImpl$RestAssuredHttpBuilder.doRequest(RequestSpecificationImpl.groovy:2060)
at io.restassured.internal.http.HTTPBuilder.post(HTTPBuilder.java:350)
at io.restassured.internal.http.HTTPBuilder$post$2.call(Unknown Source)
at io.restassured.internal.RequestSpecificationImpl.sendRequest(RequestSpecificationImpl.groovy:1194)
at groovy.lang.MetaMethod.doMethodInvoke(MetaMethod.java:323)
at groovy.lang.MetaClassImpl.invokeMethod(MetaClassImpl.java:1268)
at groovy.lang.MetaClassImpl.invokeMethod(MetaClassImpl.java:1035)
at groovy.lang.MetaClassImpl.invokeMethod(MetaClassImpl.java:819)
at groovy.lang.GroovyObject.invokeMethod(GroovyObject.java:39)
at org.codehaus.groovy.runtime.callsite.PogoInterceptableSite.call(PogoInterceptableSite.java:45)
at org.codehaus.groovy.runtime.callsite.AbstractCallSite.call(AbstractCallSite.java:166)
at io.restassured.internal.filter.SendRequestFilter.filter(SendRequestFilter.groovy:30)
at io.restassured.filter.Filter$filter$0.call(Unknown Source)
at org.codehaus.groovy.runtime.callsite.CallSiteArray.defaultCall(CallSiteArray.java:47)
at io.restassured.filter.Filter$filter.call(Unknown Source)
at io.restassured.internal.filter.FilterContextImpl.next(FilterContextImpl.groovy:72)
at io.restassured.filter.time.TimingFilter.filter(TimingFilter.java:56)
at io.restassured.filter.Filter$filter.call(Unknown Source)
at org.codehaus.groovy.runtime.callsite.CallSiteArray.defaultCall(CallSiteArray.java:47)
at io.restassured.filter.Filter$filter$0.call(Unknown Source)
at io.restassured.internal.filter.FilterContextImpl.next(FilterContextImpl.groovy:72)
at io.restassured.filter.FilterContext$next.call(Unknown Source)
at io.restassured.internal.RequestSpecificationImpl.applyPathParamsAndSendRequest(RequestSpecificationImpl.groovy:1686)
at groovy.lang.MetaMethod.doMethodInvoke(MetaMethod.java:323)
at groovy.lang.MetaClassImpl.invokeMethod(MetaClassImpl.java:1268)
at groovy.lang.MetaClassImpl.invokeMethod(MetaClassImpl.java:1035)
at groovy.lang.MetaClassImpl.invokeMethod(MetaClassImpl.java:819)
at groovy.lang.GroovyObject.invokeMethod(GroovyObject.java:39)
at org.codehaus.groovy.runtime.callsite.PogoInterceptableSite.call(PogoInterceptableSite.java:45)
at org.codehaus.groovy.runtime.callsite.PogoInterceptableSite.callCurrent(PogoInterceptableSite.java:55)
at org.codehaus.groovy.runtime.callsite.AbstractCallSite.callCurrent(AbstractCallSite.java:203)
at io.restassured.internal.RequestSpecificationImpl.applyPathParamsAndSendRequest(RequestSpecificationImpl.groovy:1692)
at groovy.lang.MetaMethod.doMethodInvoke(MetaMethod.java:323)
at groovy.lang.MetaClassImpl.invokeMethod(MetaClassImpl.java:1268)
at groovy.lang.MetaClassImpl.invokeMethod(MetaClassImpl.java:1035)
at groovy.lang.MetaClassImpl.invokeMethod(MetaClassImpl.java:819)
at groovy.lang.GroovyObject.invokeMethod(GroovyObject.java:39)
at org.codehaus.groovy.runtime.callsite.PogoInterceptableSite.call(PogoInterceptableSite.java:45)
at org.codehaus.groovy.runtime.callsite.PogoInterceptableSite.callCurrent(PogoInterceptableSite.java:55)
at org.codehaus.groovy.runtime.callsite.AbstractCallSite.callCurrent(AbstractCallSite.java:203)
at io.restassured.internal.RequestSpecificationImpl.post(RequestSpecificationImpl.groovy:180)
at io.restassured.internal.RequestSpecificationImpl.post(RequestSpecificationImpl.groovy)
at com.gapi.utilities.TestUtilities.postAttachmentRequest(TestUtilities.java:957)
at com.gapi.testCases.CreateShipmentsTicket.AddAttachmentstoShipmentsTicket(CreateShipmentsTicket.java:323)
at java.base/java.util.ArrayList.forEach(ArrayList.java:1511)
... Removed 39 stack frames]]>
    </failure>
  </testcase> <!-- AddAttachmentstoShipmentsTicket -->
  <testcase classname="com.gapi.testCases.CreateShipmentsTicket" name="CreateShipmentsTicketeithInvalidNotificationRecipient" time="0.267"/>
  <testcase classname="com.gapi.testCases.CreateShipmentsTicket" name="createShipmentsTicketAndVerifyEndToEndFlow" time="4.881">
    <skipped/>
  </testcase> <!-- createShipmentsTicketAndVerifyEndToEndFlow -->
  <testcase classname="com.gapi.testCases.CreateShipmentsTicket" name="createShipmentsTicketAndVerifyEndToEndFlow" time="4.97">
    <failure type="java.lang.NoSuchMethodError" message="&amp;apos;org.apache.http.entity.ContentType org.apache.http.entity.ContentType.withParameters(org.apache.http.NameValuePair[])&amp;apos;">
      <![CDATA[java.lang.NoSuchMethodError: 'org.apache.http.entity.ContentType org.apache.http.entity.ContentType.withParameters(org.apache.http.NameValuePair[])'
at org.apache.http.entity.mime.MultipartEntityBuilder.buildEntity(MultipartEntityBuilder.java:219)
at org.apache.http.entity.mime.MultipartEntityBuilder.build(MultipartEntityBuilder.java:240)
at org.apache.http.entity.mime.MultipartEntityBuilder$build$5.call(Unknown Source)
at io.restassured.internal.multipart.RestAssuredMultiPartEntity.getEntity(RestAssuredMultiPartEntity.groovy:58)
at io.restassured.internal.multipart.RestAssuredMultiPartEntity.getContentType(RestAssuredMultiPartEntity.groovy:89)
at groovy.lang.MetaMethod.doMethodInvoke(MetaMethod.java:323)
at org.codehaus.groovy.runtime.metaclass.MethodMetaProperty$GetBeanMethodMetaProperty.getProperty(MethodMetaProperty.java:76)
at org.codehaus.groovy.runtime.callsite.GetEffectivePogoPropertySite.getProperty(GetEffectivePogoPropertySite.java:85)
at org.codehaus.groovy.runtime.callsite.AbstractCallSite.callGetProperty(AbstractCallSite.java:329)
at org.codehaus.groovy.runtime.callsite.AbstractCallSite.callGetPropertySafe(AbstractCallSite.java:448)
at io.restassured.internal.RequestSpecificationImpl$RestAssuredHttpBuilder.shouldApplyContentTypeFromRestAssuredConfigDelegate(RequestSpecificationImpl.groovy:2139)
at org.codehaus.groovy.runtime.callsite.PlainObjectMetaMethodSite.doInvoke(PlainObjectMetaMethodSite.java:43)
at org.codehaus.groovy.runtime.callsite.PogoMetaMethodSite$PogoCachedMethodSiteNoUnwrapNoCoerce.invoke(PogoMetaMethodSite.java:193)
at org.codehaus.groovy.runtime.callsite.PogoMetaMethodSite.callCurrent(PogoMetaMethodSite.java:61)
at org.codehaus.groovy.runtime.callsite.CallSiteArray.defaultCallCurrent(CallSiteArray.java:51)
at org.codehaus.groovy.runtime.callsite.PogoMetaMethodSite.callCurrent(PogoMetaMethodSite.java:66)
at org.codehaus.groovy.runtime.callsite.AbstractCallSite.callCurrent(AbstractCallSite.java:194)
at io.restassured.internal.RequestSpecificationImpl$RestAssuredHttpBuilder.doRequest(RequestSpecificationImpl.groovy:2060)
at io.restassured.internal.http.HTTPBuilder.post(HTTPBuilder.java:350)
at io.restassured.internal.http.HTTPBuilder$post$2.call(Unknown Source)
at io.restassured.internal.RequestSpecificationImpl.sendRequest(RequestSpecificationImpl.groovy:1194)
at groovy.lang.MetaMethod.doMethodInvoke(MetaMethod.java:323)
at groovy.lang.MetaClassImpl.invokeMethod(MetaClassImpl.java:1268)
at groovy.lang.MetaClassImpl.invokeMethod(MetaClassImpl.java:1035)
at groovy.lang.MetaClassImpl.invokeMethod(MetaClassImpl.java:819)
at groovy.lang.GroovyObject.invokeMethod(GroovyObject.java:39)
at org.codehaus.groovy.runtime.callsite.PogoInterceptableSite.call(PogoInterceptableSite.java:45)
at org.codehaus.groovy.runtime.callsite.AbstractCallSite.call(AbstractCallSite.java:166)
at io.restassured.internal.filter.SendRequestFilter.filter(SendRequestFilter.groovy:30)
at io.restassured.filter.Filter$filter$0.call(Unknown Source)
at org.codehaus.groovy.runtime.callsite.CallSiteArray.defaultCall(CallSiteArray.java:47)
at io.restassured.filter.Filter$filter.call(Unknown Source)
at io.restassured.internal.filter.FilterContextImpl.next(FilterContextImpl.groovy:72)
at io.restassured.filter.time.TimingFilter.filter(TimingFilter.java:56)
at io.restassured.filter.Filter$filter.call(Unknown Source)
at org.codehaus.groovy.runtime.callsite.CallSiteArray.defaultCall(CallSiteArray.java:47)
at io.restassured.filter.Filter$filter$0.call(Unknown Source)
at io.restassured.internal.filter.FilterContextImpl.next(FilterContextImpl.groovy:72)
at io.restassured.filter.FilterContext$next.call(Unknown Source)
at io.restassured.internal.RequestSpecificationImpl.applyPathParamsAndSendRequest(RequestSpecificationImpl.groovy:1686)
at groovy.lang.MetaMethod.doMethodInvoke(MetaMethod.java:323)
at groovy.lang.MetaClassImpl.invokeMethod(MetaClassImpl.java:1268)
at groovy.lang.MetaClassImpl.invokeMethod(MetaClassImpl.java:1035)
at groovy.lang.MetaClassImpl.invokeMethod(MetaClassImpl.java:819)
at groovy.lang.GroovyObject.invokeMethod(GroovyObject.java:39)
at org.codehaus.groovy.runtime.callsite.PogoInterceptableSite.call(PogoInterceptableSite.java:45)
at org.codehaus.groovy.runtime.callsite.PogoInterceptableSite.callCurrent(PogoInterceptableSite.java:55)
at org.codehaus.groovy.runtime.callsite.AbstractCallSite.callCurrent(AbstractCallSite.java:203)
at io.restassured.internal.RequestSpecificationImpl.applyPathParamsAndSendRequest(RequestSpecificationImpl.groovy:1692)
at groovy.lang.MetaMethod.doMethodInvoke(MetaMethod.java:323)
at groovy.lang.MetaClassImpl.invokeMethod(MetaClassImpl.java:1268)
at groovy.lang.MetaClassImpl.invokeMethod(MetaClassImpl.java:1035)
at groovy.lang.MetaClassImpl.invokeMethod(MetaClassImpl.java:819)
at groovy.lang.GroovyObject.invokeMethod(GroovyObject.java:39)
at org.codehaus.groovy.runtime.callsite.PogoInterceptableSite.call(PogoInterceptableSite.java:45)
at org.codehaus.groovy.runtime.callsite.PogoInterceptableSite.callCurrent(PogoInterceptableSite.java:55)
at org.codehaus.groovy.runtime.callsite.AbstractCallSite.callCurrent(AbstractCallSite.java:203)
at io.restassured.internal.RequestSpecificationImpl.post(RequestSpecificationImpl.groovy:180)
at io.restassured.internal.RequestSpecificationImpl.post(RequestSpecificationImpl.groovy)
at com.gapi.utilities.TestUtilities.postAttachmentRequest(TestUtilities.java:957)
at com.gapi.testCases.AddAttachmentsToTheRemoteHandsTicket.uploadAttachmentToTheExistingTicket(AddAttachmentsToTheRemoteHandsTicket.java:38)
at com.gapi.utilities.TestUtilities.addAttachmentToTheRequestAndVerify(TestUtilities.java:608)
at com.gapi.testCases.CreateShipmentsTicket.createShipmentsTicketAndVerifyEndToEndFlow(CreateShipmentsTicket.java:91)
at java.base/java.util.ArrayList.forEach(ArrayList.java:1511)
... Removed 39 stack frames]]>
    </failure>
  </testcase> <!-- createShipmentsTicketAndVerifyEndToEndFlow -->
  <testcase classname="com.gapi.testCases.CreateShipmentsTicket" name="invalidEstimatedDeliveryDateFormatSHTicket" time="1.1"/>
  <testcase classname="com.gapi.testCases.CreateShipmentsTicket" name="postingAttachmentOfAnExistingShippingReceivingTicket" time="0.005">
    <skipped/>
  </testcase> <!-- postingAttachmentOfAnExistingShippingReceivingTicket -->
  <testcase classname="com.gapi.testCases.CreateShipmentsTicket" name="postingAttachmentOfAnExistingShippingReceivingTicket" time="0.003">
    <failure type="java.lang.NoSuchMethodError" message="&amp;apos;org.apache.http.entity.ContentType org.apache.http.entity.ContentType.withParameters(org.apache.http.NameValuePair[])&amp;apos;">
      <![CDATA[java.lang.NoSuchMethodError: 'org.apache.http.entity.ContentType org.apache.http.entity.ContentType.withParameters(org.apache.http.NameValuePair[])'
at org.apache.http.entity.mime.MultipartEntityBuilder.buildEntity(MultipartEntityBuilder.java:219)
at org.apache.http.entity.mime.MultipartEntityBuilder.build(MultipartEntityBuilder.java:240)
at org.apache.http.entity.mime.MultipartEntityBuilder$build$5.call(Unknown Source)
at io.restassured.internal.multipart.RestAssuredMultiPartEntity.getEntity(RestAssuredMultiPartEntity.groovy:58)
at io.restassured.internal.multipart.RestAssuredMultiPartEntity.getContentType(RestAssuredMultiPartEntity.groovy:89)
at groovy.lang.MetaMethod.doMethodInvoke(MetaMethod.java:323)
at org.codehaus.groovy.runtime.metaclass.MethodMetaProperty$GetBeanMethodMetaProperty.getProperty(MethodMetaProperty.java:76)
at org.codehaus.groovy.runtime.callsite.GetEffectivePogoPropertySite.callGetProperty(GetEffectivePogoPropertySite.java:48)
at org.codehaus.groovy.runtime.callsite.AbstractCallSite.callGetPropertySafe(AbstractCallSite.java:448)
at io.restassured.internal.RequestSpecificationImpl$RestAssuredHttpBuilder.shouldApplyContentTypeFromRestAssuredConfigDelegate(RequestSpecificationImpl.groovy:2139)
at org.codehaus.groovy.runtime.callsite.PlainObjectMetaMethodSite.doInvoke(PlainObjectMetaMethodSite.java:43)
at org.codehaus.groovy.runtime.callsite.PogoMetaMethodSite$PogoCachedMethodSiteNoUnwrapNoCoerce.invoke(PogoMetaMethodSite.java:193)
at org.codehaus.groovy.runtime.callsite.PogoMetaMethodSite.callCurrent(PogoMetaMethodSite.java:61)
at org.codehaus.groovy.runtime.callsite.AbstractCallSite.callCurrent(AbstractCallSite.java:194)
at io.restassured.internal.RequestSpecificationImpl$RestAssuredHttpBuilder.doRequest(RequestSpecificationImpl.groovy:2060)
at io.restassured.internal.http.HTTPBuilder.post(HTTPBuilder.java:350)
at io.restassured.internal.http.HTTPBuilder$post$2.call(Unknown Source)
at io.restassured.internal.RequestSpecificationImpl.sendRequest(RequestSpecificationImpl.groovy:1194)
at groovy.lang.MetaMethod.doMethodInvoke(MetaMethod.java:323)
at groovy.lang.MetaClassImpl.invokeMethod(MetaClassImpl.java:1268)
at groovy.lang.MetaClassImpl.invokeMethod(MetaClassImpl.java:1035)
at groovy.lang.MetaClassImpl.invokeMethod(MetaClassImpl.java:819)
at groovy.lang.GroovyObject.invokeMethod(GroovyObject.java:39)
at org.codehaus.groovy.runtime.callsite.PogoInterceptableSite.call(PogoInterceptableSite.java:45)
at org.codehaus.groovy.runtime.callsite.AbstractCallSite.call(AbstractCallSite.java:166)
at io.restassured.internal.filter.SendRequestFilter.filter(SendRequestFilter.groovy:30)
at io.restassured.filter.Filter$filter$0.call(Unknown Source)
at org.codehaus.groovy.runtime.callsite.CallSiteArray.defaultCall(CallSiteArray.java:47)
at io.restassured.filter.Filter$filter.call(Unknown Source)
at io.restassured.internal.filter.FilterContextImpl.next(FilterContextImpl.groovy:72)
at io.restassured.filter.time.TimingFilter.filter(TimingFilter.java:56)
at io.restassured.filter.Filter$filter.call(Unknown Source)
at org.codehaus.groovy.runtime.callsite.CallSiteArray.defaultCall(CallSiteArray.java:47)
at io.restassured.filter.Filter$filter$0.call(Unknown Source)
at io.restassured.internal.filter.FilterContextImpl.next(FilterContextImpl.groovy:72)
at io.restassured.filter.FilterContext$next.call(Unknown Source)
at io.restassured.internal.RequestSpecificationImpl.applyPathParamsAndSendRequest(RequestSpecificationImpl.groovy:1686)
at groovy.lang.MetaMethod.doMethodInvoke(MetaMethod.java:323)
at groovy.lang.MetaClassImpl.invokeMethod(MetaClassImpl.java:1268)
at groovy.lang.MetaClassImpl.invokeMethod(MetaClassImpl.java:1035)
at groovy.lang.MetaClassImpl.invokeMethod(MetaClassImpl.java:819)
at groovy.lang.GroovyObject.invokeMethod(GroovyObject.java:39)
at org.codehaus.groovy.runtime.callsite.PogoInterceptableSite.call(PogoInterceptableSite.java:45)
at org.codehaus.groovy.runtime.callsite.PogoInterceptableSite.callCurrent(PogoInterceptableSite.java:55)
at org.codehaus.groovy.runtime.callsite.AbstractCallSite.callCurrent(AbstractCallSite.java:203)
at io.restassured.internal.RequestSpecificationImpl.applyPathParamsAndSendRequest(RequestSpecificationImpl.groovy:1692)
at groovy.lang.MetaMethod.doMethodInvoke(MetaMethod.java:323)
at groovy.lang.MetaClassImpl.invokeMethod(MetaClassImpl.java:1268)
at groovy.lang.MetaClassImpl.invokeMethod(MetaClassImpl.java:1035)
at groovy.lang.MetaClassImpl.invokeMethod(MetaClassImpl.java:819)
at groovy.lang.GroovyObject.invokeMethod(GroovyObject.java:39)
at org.codehaus.groovy.runtime.callsite.PogoInterceptableSite.call(PogoInterceptableSite.java:45)
at org.codehaus.groovy.runtime.callsite.PogoInterceptableSite.callCurrent(PogoInterceptableSite.java:55)
at org.codehaus.groovy.runtime.callsite.AbstractCallSite.callCurrent(AbstractCallSite.java:203)
at io.restassured.internal.RequestSpecificationImpl.post(RequestSpecificationImpl.groovy:180)
at io.restassured.internal.RequestSpecificationImpl.post(RequestSpecificationImpl.groovy)
at com.gapi.utilities.TestUtilities.postAttachmentRequest(TestUtilities.java:957)
at com.gapi.testCases.CreateShipmentsTicket.postingAttachmentOfAnExistingShippingReceivingTicket(CreateShipmentsTicket.java:233)
at java.base/java.util.ArrayList.forEach(ArrayList.java:1511)
... Removed 39 stack frames]]>
    </failure>
  </testcase> <!-- postingAttachmentOfAnExistingShippingReceivingTicket -->
  <testcase classname="com.gapi.testCases.CreateShipmentsTicket" name="verifyCreateSHTicketForInvalidUser" time="0.435"/>
  <testcase classname="com.gapi.testCases.CreateShipmentsTicket" name="verifyCreateSHTicketForWithLoadingBayRequired" time="2.731"/>
  <testcase classname="com.gapi.testCases.CreateShipmentsTicket" name="verifyCreateShipmentsTicket" time="4.636"/>
  <testcase classname="com.gapi.testCases.CreateShipmentsTicket" name="verifyCreateShipmentsTicket" time="4.723"/>
  <testcase classname="com.gapi.testCases.CreateShipmentsTicket" name="verifyCreateShipmentsTicket" time="4.493"/>
  <testcase classname="com.gapi.testCases.CreateShipmentsTicket" name="verifyCreateShipmentsTicket" time="4.483"/>
  <testcase classname="com.gapi.testCases.CreateShipmentsTicket" name="verifyCreateShipmentsTicket" time="4.604"/>
  <testcase classname="com.gapi.testCases.CreateShipmentsTicket" name="verifyCreateShipmentsTicket" time="4.499"/>
  <testcase classname="com.gapi.testCases.CreateShipmentsTicket" name="verifyCreateShipmentsTicket" time="0.268"/>
  <testcase classname="com.gapi.testCases.CreateShipmentsTicket" name="verifyCreateShipmentsTicket" time="4.701"/>
  <testcase classname="com.gapi.testCases.CreateShipmentsTicket" name="verifyCreateShipmentsTicket" time="4.974"/>
  <testcase classname="com.gapi.testCases.CreateShipmentsTicket" name="verifyCreateShipmentsTicket" time="4.979"/>
  <testcase classname="com.gapi.testCases.CreateShipmentsTicket" name="verifyMaxCharactersOfShipmentsParameters" time="0.421"/>
  <testcase classname="com.gapi.testCases.CreateShipmentsTicket" name="verifyRequestIdAndFileNameSHTicketForWithoutmandatoryfieldsRequired" time="0.259"/>
  <testcase classname="com.gapi.testCases.GetShipmentsTicketDetails" name="getAllShipmentsTicketsInfo" time="3.157"/>
  <testcase classname="com.gapi.testCases.GetShipmentsTicketDetails" name="retrieveShipmentTicketInfoByInvalidId" time="1.456">
    <skipped/>
  </testcase> <!-- retrieveShipmentTicketInfoByInvalidId -->
  <testcase classname="com.gapi.testCases.GetShipmentsTicketDetails" name="retrieveShipmentTicketInfoByInvalidId" time="1.54"/>
  <testcase classname="com.gapi.testCases.GetShipmentsTicketDetails" name="verifyGetAllWithShipmentsTicketFilters" time="3.11"/>
  <testcase classname="com.gapi.testCases.GetShipmentsTicketDetails" name="verifyGetAllWithShipmentsTicketFilters" time="1.909">
    <skipped/>
  </testcase> <!-- verifyGetAllWithShipmentsTicketFilters -->
  <testcase classname="com.gapi.testCases.GetShipmentsTicketDetails" name="verifyGetAllWithShipmentsTicketFilters" time="1.87">
    <failure type="java.lang.AssertionError" message="expected [true] but found [false]">
      <![CDATA[java.lang.AssertionError: expected [true] but found [false]
at com.gapi.testCases.GetShipmentsTicketDetails.verifyGetAllWithShipmentsTicketFilters(GetShipmentsTicketDetails.java:101)
at java.base/java.util.ArrayList.forEach(ArrayList.java:1511)
... Removed 29 stack frames]]>
    </failure>
  </testcase> <!-- verifyGetAllWithShipmentsTicketFilters -->
  <testcase classname="com.gapi.testCases.GetShipmentsTicketDetails" name="verifyGetAllWithShipmentsTicketFilters" time="3.517"/>
  <testcase classname="com.gapi.testCases.GetShipmentsTicketDetails" name="verifyGetAllWithShipmentsTicketFilters" time="1.921">
    <skipped/>
  </testcase> <!-- verifyGetAllWithShipmentsTicketFilters -->
  <testcase classname="com.gapi.testCases.GetShipmentsTicketDetails" name="verifyGetAllWithShipmentsTicketFilters" time="2.141">
    <failure type="java.lang.AssertionError" message="expected [true] but found [false]">
      <![CDATA[java.lang.AssertionError: expected [true] but found [false]
at com.gapi.testCases.GetShipmentsTicketDetails.verifyGetAllWithShipmentsTicketFilters(GetShipmentsTicketDetails.java:101)
at java.base/java.util.ArrayList.forEach(ArrayList.java:1511)
... Removed 29 stack frames]]>
    </failure>
  </testcase> <!-- verifyGetAllWithShipmentsTicketFilters -->
  <testcase classname="com.gapi.testCases.GetShipmentsTicketDetails" name="verifyGetAllWithShipmentsTicketFilters" time="1.913">
    <skipped/>
  </testcase> <!-- verifyGetAllWithShipmentsTicketFilters -->
  <testcase classname="com.gapi.testCases.GetShipmentsTicketDetails" name="verifyGetAllWithShipmentsTicketFilters" time="2.021">
    <failure type="java.lang.AssertionError" message="expected [true] but found [false]">
      <![CDATA[java.lang.AssertionError: expected [true] but found [false]
at com.gapi.testCases.GetShipmentsTicketDetails.verifyGetAllWithShipmentsTicketFilters(GetShipmentsTicketDetails.java:101)
at java.base/java.util.ArrayList.forEach(ArrayList.java:1511)
... Removed 29 stack frames]]>
    </failure>
  </testcase> <!-- verifyGetAllWithShipmentsTicketFilters -->
  <testcase classname="com.gapi.testCases.GetShipmentsTicketDetails" name="verifyGetAllWithShipmentsTicketFilters" time="1.797">
    <skipped/>
  </testcase> <!-- verifyGetAllWithShipmentsTicketFilters -->
  <testcase classname="com.gapi.testCases.GetShipmentsTicketDetails" name="verifyGetAllWithShipmentsTicketFilters" time="1.776">
    <failure type="java.lang.AssertionError" message="expected [true] but found [false]">
      <![CDATA[java.lang.AssertionError: expected [true] but found [false]
at com.gapi.testCases.GetShipmentsTicketDetails.verifyGetAllWithShipmentsTicketFilters(GetShipmentsTicketDetails.java:101)
at java.base/java.util.ArrayList.forEach(ArrayList.java:1511)
... Removed 29 stack frames]]>
    </failure>
  </testcase> <!-- verifyGetAllWithShipmentsTicketFilters -->
  <testcase classname="com.gapi.testCases.GetShipmentsTicketDetails" name="verifyGetAllWithShipmentsTicketFilters" time="1.869">
    <skipped/>
  </testcase> <!-- verifyGetAllWithShipmentsTicketFilters -->
  <testcase classname="com.gapi.testCases.GetShipmentsTicketDetails" name="verifyGetAllWithShipmentsTicketFilters" time="1.822">
    <failure type="java.lang.AssertionError" message="expected [true] but found [false]">
      <![CDATA[java.lang.AssertionError: expected [true] but found [false]
at com.gapi.testCases.GetShipmentsTicketDetails.verifyGetAllWithShipmentsTicketFilters(GetShipmentsTicketDetails.java:101)
at java.base/java.util.ArrayList.forEach(ArrayList.java:1511)
... Removed 29 stack frames]]>
    </failure>
  </testcase> <!-- verifyGetAllWithShipmentsTicketFilters -->
  <testcase classname="com.gapi.testCases.GetShipmentsTicketDetails" name="verifyGetAllWithShipmentsTicketFilters" time="1.838">
    <skipped/>
  </testcase> <!-- verifyGetAllWithShipmentsTicketFilters -->
  <testcase classname="com.gapi.testCases.GetShipmentsTicketDetails" name="verifyGetAllWithShipmentsTicketFilters" time="1.9">
    <failure type="java.lang.AssertionError" message="expected [true] but found [false]">
      <![CDATA[java.lang.AssertionError: expected [true] but found [false]
at com.gapi.testCases.GetShipmentsTicketDetails.verifyGetAllWithShipmentsTicketFilters(GetShipmentsTicketDetails.java:101)
at java.base/java.util.ArrayList.forEach(ArrayList.java:1511)
... Removed 29 stack frames]]>
    </failure>
  </testcase> <!-- verifyGetAllWithShipmentsTicketFilters -->
  <testcase classname="com.gapi.testCases.GetShipmentsTicketDetails" name="verifyGetAllWithShipmentsTicketFilters" time="3.471"/>
  <testcase classname="com.gapi.testCases.GetShipmentsTicketDetails" name="verifyGetAllWithShipmentsTicketFilters" time="3.145"/>
  <testcase classname="com.gapi.testCases.GetShipmentsTicketDetails" name="verifyGetAllWithShipmentsTicketFilters" time="3.179"/>
  <testcase classname="com.gapi.testCases.GetShipmentsTicketDetails" name="verifyGetAllWithShipmentsTicketFilters" time="2.816"/>
  <testcase classname="com.gapi.testCases.GetShipmentsTicketDetails" name="verifyGetAllWithShipmentsTicketFilters" time="1.788">
    <skipped/>
  </testcase> <!-- verifyGetAllWithShipmentsTicketFilters -->
  <testcase classname="com.gapi.testCases.GetShipmentsTicketDetails" name="verifyGetAllWithShipmentsTicketFilters" time="2.346">
    <failure type="java.lang.AssertionError" message="expected [true] but found [false]">
      <![CDATA[java.lang.AssertionError: expected [true] but found [false]
at com.gapi.testCases.GetShipmentsTicketDetails.verifyGetAllWithShipmentsTicketFilters(GetShipmentsTicketDetails.java:101)
at java.base/java.util.ArrayList.forEach(ArrayList.java:1511)
... Removed 29 stack frames]]>
    </failure>
  </testcase> <!-- verifyGetAllWithShipmentsTicketFilters -->
  <testcase classname="com.gapi.testCases.GetShipmentsTicketDetails" name="verifyGetAllWithShipmentsTicketFilters" time="1.941">
    <skipped/>
  </testcase> <!-- verifyGetAllWithShipmentsTicketFilters -->
  <testcase classname="com.gapi.testCases.GetShipmentsTicketDetails" name="verifyGetAllWithShipmentsTicketFilters" time="1.809">
    <failure type="java.lang.AssertionError" message="expected [true] but found [false]">
      <![CDATA[java.lang.AssertionError: expected [true] but found [false]
at com.gapi.testCases.GetShipmentsTicketDetails.verifyGetAllWithShipmentsTicketFilters(GetShipmentsTicketDetails.java:101)
at java.base/java.util.ArrayList.forEach(ArrayList.java:1511)
... Removed 29 stack frames]]>
    </failure>
  </testcase> <!-- verifyGetAllWithShipmentsTicketFilters -->
  <testcase classname="com.gapi.testCases.GetShipmentsTicketDetails" name="verifyGetAllWithShipmentsTicketFilters" time="3.539"/>
  <testcase classname="com.gapi.testCases.GetShipmentsTicketDetails" name="verifyGetAllWithShipmentsTicketFilters" time="3.185"/>
  <testcase classname="com.gapi.testCases.GetShipmentsTicketDetails" name="verifyGetAllWithShipmentsTicketFilters" time="1.783">
    <skipped/>
  </testcase> <!-- verifyGetAllWithShipmentsTicketFilters -->
  <testcase classname="com.gapi.testCases.GetShipmentsTicketDetails" name="verifyGetAllWithShipmentsTicketFilters" time="1.863">
    <failure type="java.lang.AssertionError" message="expected [true] but found [false]">
      <![CDATA[java.lang.AssertionError: expected [true] but found [false]
at com.gapi.testCases.GetShipmentsTicketDetails.verifyGetAllWithShipmentsTicketFilters(GetShipmentsTicketDetails.java:101)
at java.base/java.util.ArrayList.forEach(ArrayList.java:1511)
... Removed 29 stack frames]]>
    </failure>
  </testcase> <!-- verifyGetAllWithShipmentsTicketFilters -->
  <testcase classname="com.gapi.testCases.GetShipmentsTicketDetails" name="verifyGetAllWithShipmentsTicketFilters" time="3.423"/>
  <testcase classname="com.gapi.testCases.GetShipmentsTicketDetails" name="verifyGetAllWithShipmentsTicketFilters" time="3.527"/>
  <testcase classname="com.gapi.testCases.GetShipmentsTicketDetails" name="verifyGetAllWithShipmentsTicketFilters" time="1.88">
    <skipped/>
  </testcase> <!-- verifyGetAllWithShipmentsTicketFilters -->
  <testcase classname="com.gapi.testCases.GetShipmentsTicketDetails" name="verifyGetAllWithShipmentsTicketFilters" time="1.868">
    <failure type="java.lang.AssertionError" message="expected [true] but found [false]">
      <![CDATA[java.lang.AssertionError: expected [true] but found [false]
at com.gapi.testCases.GetShipmentsTicketDetails.verifyGetAllWithShipmentsTicketFilters(GetShipmentsTicketDetails.java:101)
at java.base/java.util.ArrayList.forEach(ArrayList.java:1511)
... Removed 29 stack frames]]>
    </failure>
  </testcase> <!-- verifyGetAllWithShipmentsTicketFilters -->
  <testcase classname="com.gapi.testCases.GetShipmentsTicketDetails" name="verifyGetAllWithShipmentsTicketFilters" time="1.773">
    <skipped/>
  </testcase> <!-- verifyGetAllWithShipmentsTicketFilters -->
  <testcase classname="com.gapi.testCases.GetShipmentsTicketDetails" name="verifyGetAllWithShipmentsTicketFilters" time="2.083">
    <failure type="java.lang.AssertionError" message="expected [true] but found [false]">
      <![CDATA[java.lang.AssertionError: expected [true] but found [false]
at com.gapi.testCases.GetShipmentsTicketDetails.verifyGetAllWithShipmentsTicketFilters(GetShipmentsTicketDetails.java:101)
at java.base/java.util.ArrayList.forEach(ArrayList.java:1511)
... Removed 29 stack frames]]>
    </failure>
  </testcase> <!-- verifyGetAllWithShipmentsTicketFilters -->
  <testcase classname="com.gapi.testCases.GetShipmentsTicketDetails" name="verifyGetAllWithShipmentsTicketFilters" time="1.834">
    <skipped/>
  </testcase> <!-- verifyGetAllWithShipmentsTicketFilters -->
  <testcase classname="com.gapi.testCases.GetShipmentsTicketDetails" name="verifyGetAllWithShipmentsTicketFilters" time="2.303">
    <failure type="java.lang.AssertionError" message="expected [true] but found [false]">
      <![CDATA[java.lang.AssertionError: expected [true] but found [false]
at com.gapi.testCases.GetShipmentsTicketDetails.verifyGetAllWithShipmentsTicketFilters(GetShipmentsTicketDetails.java:101)
[...]
    <ignored/>
  </testcase> <!-- @BeforeTest BeforeSuite -->
  <testcase classname="com.gapi.testCases.BaseClass" name="@BeforeTest BeforeSuite" time="0.0">
    <ignored/>
  </testcase> <!-- @BeforeTest BeforeSuite -->
  <testcase classname="com.gapi.testCases.BaseClass" name="@BeforeTest BeforeSuite" time="0.0">
    <ignored/>
  </testcase> <!-- @BeforeTest BeforeSuite -->
  <testcase classname="com.gapi.testCases.BaseClass" name="@BeforeTest BeforeSuite" time="0.0">
    <ignored/>
  </testcase> <!-- @BeforeTest BeforeSuite -->
  <testcase classname="com.gapi.testCases.BaseClass" name="@BeforeTest BeforeSuite" time="0.0">
    <ignored/>
  </testcase> <!-- @BeforeTest BeforeSuite -->
  <testcase classname="com.gapi.testCases.BaseClass" name="@BeforeTest BeforeSuite" time="0.0">
    <ignored/>
  </testcase> <!-- @BeforeTest BeforeSuite -->
  <testcase classname="com.gapi.testCases.BaseClass" name="@BeforeTest BeforeSuite" time="0.0">
    <ignored/>
  </testcase> <!-- @BeforeTest BeforeSuite -->
  <testcase classname="com.gapi.testCases.BaseClass" name="@BeforeTest BeforeSuite" time="0.0">
    <ignored/>
  </testcase> <!-- @BeforeTest BeforeSuite -->
  <testcase classname="com.gapi.testCases.BaseClass" name="@BeforeTest BeforeSuite" time="0.0">
    <ignored/>
  </testcase> <!-- @BeforeTest BeforeSuite -->
  <testcase classname="com.gapi.testCases.BaseClass" name="@BeforeTest BeforeSuite" time="0.0">
    <ignored/>
  </testcase> <!-- @BeforeTest BeforeSuite -->
  <testcase classname="com.gapi.testCases.BaseClass" name="@BeforeTest BeforeSuite" time="0.0">
    <ignored/>
  </testcase> <!-- @BeforeTest BeforeSuite -->
  <testcase classname="com.gapi.testCases.BaseClass" name="@BeforeTest BeforeSuite" time="0.0">
    <ignored/>
  </testcase> <!-- @BeforeTest BeforeSuite -->
  <testcase classname="com.gapi.testCases.BaseClass" name="@BeforeTest BeforeSuite" time="0.0">
    <ignored/>
  </testcase> <!-- @BeforeTest BeforeSuite -->
  <testcase classname="com.gapi.testCases.BaseClass" name="@BeforeTest BeforeSuite" time="0.0">
    <ignored/>
  </testcase> <!-- @BeforeTest BeforeSuite -->
  <testcase classname="com.gapi.testCases.BaseClass" name="@BeforeTest BeforeSuite" time="0.0">
    <ignored/>
  </testcase> <!-- @BeforeTest BeforeSuite -->
  <testcase classname="com.gapi.testCases.BaseClass" name="@BeforeTest BeforeSuite" time="0.0">
    <ignored/>
  </testcase> <!-- @BeforeTest BeforeSuite -->
  <testcase classname="com.gapi.testCases.BaseClass" name="@BeforeTest BeforeSuite" time="0.0">
    <ignored/>
  </testcase> <!-- @BeforeTest BeforeSuite -->
  <testcase classname="com.gapi.testCases.BaseClass" name="@BeforeTest BeforeSuite" time="0.0">
    <ignored/>
  </testcase> <!-- @BeforeTest BeforeSuite -->
  <testcase classname="com.gapi.testCases.BaseClass" name="@BeforeTest BeforeSuite" time="0.0">
    <ignored/>
  </testcase> <!-- @BeforeTest BeforeSuite -->
  <testcase classname="com.gapi.testCases.BaseClass" name="@BeforeTest BeforeSuite" time="0.0">
    <ignored/>
  </testcase> <!-- @BeforeTest BeforeSuite -->
  <testcase classname="com.gapi.testCases.BaseClass" name="@BeforeSuite generateAuthorizationToken" time="0.0">
    <ignored/>
  </testcase> <!-- @BeforeSuite generateAuthorizationToken -->
  <testcase classname="com.gapi.testCases.BaseClass" name="@BeforeSuite generateAuthorizationToken" time="0.0">
    <ignored/>
  </testcase> <!-- @BeforeSuite generateAuthorizationToken -->
  <testcase classname="com.gapi.testCases.BaseClass" name="@BeforeSuite generateAuthorizationToken" time="0.0">
    <ignored/>
  </testcase> <!-- @BeforeSuite generateAuthorizationToken -->
  <testcase classname="com.gapi.testCases.BaseClass" name="@BeforeSuite generateAuthorizationToken" time="0.0">
    <ignored/>
  </testcase> <!-- @BeforeSuite generateAuthorizationToken -->
  <testcase classname="com.gapi.testCases.BaseClass" name="@BeforeSuite generateAuthorizationToken" time="0.0">
    <ignored/>
  </testcase> <!-- @BeforeSuite generateAuthorizationToken -->
  <testcase classname="com.gapi.testCases.BaseClass" name="@BeforeSuite generateAuthorizationToken" time="0.0">
    <ignored/>
  </testcase> <!-- @BeforeSuite generateAuthorizationToken -->
  <testcase classname="com.gapi.testCases.BaseClass" name="@BeforeSuite generateAuthorizationToken" time="0.0">
    <ignored/>
  </testcase> <!-- @BeforeSuite generateAuthorizationToken -->
  <testcase classname="com.gapi.testCases.BaseClass" name="@BeforeSuite generateAuthorizationToken" time="0.0">
    <ignored/>
  </testcase> <!-- @BeforeSuite generateAuthorizationToken -->
  <testcase classname="com.gapi.testCases.BaseClass" name="@BeforeSuite generateAuthorizationToken" time="0.0">
    <ignored/>
  </testcase> <!-- @BeforeSuite generateAuthorizationToken -->
  <testcase classname="com.gapi.testCases.BaseClass" name="@BeforeSuite generateAuthorizationToken" time="0.0">
    <ignored/>
  </testcase> <!-- @BeforeSuite generateAuthorizationToken -->
  <testcase classname="com.gapi.testCases.BaseClass" name="@BeforeSuite generateAuthorizationToken" time="0.0">
    <ignored/>
  </testcase> <!-- @BeforeSuite generateAuthorizationToken -->
  <testcase classname="com.gapi.testCases.BaseClass" name="@BeforeSuite generateAuthorizationToken" time="0.0">
    <ignored/>
  </testcase> <!-- @BeforeSuite generateAuthorizationToken -->
  <testcase classname="com.gapi.testCases.BaseClass" name="@BeforeSuite generateAuthorizationToken" time="0.0">
    <ignored/>
  </testcase> <!-- @BeforeSuite generateAuthorizationToken -->
  <testcase classname="com.gapi.testCases.BaseClass" name="@BeforeSuite generateAuthorizationToken" time="0.0">
    <ignored/>
  </testcase> <!-- @BeforeSuite generateAuthorizationToken -->
  <testcase classname="com.gapi.testCases.BaseClass" name="@BeforeSuite generateAuthorizationToken" time="0.0">
    <ignored/>
  </testcase> <!-- @BeforeSuite generateAuthorizationToken -->
  <testcase classname="com.gapi.testCases.BaseClass" name="@BeforeSuite generateAuthorizationToken" time="0.0">
    <ignored/>
  </testcase> <!-- @BeforeSuite generateAuthorizationToken -->
  <testcase classname="com.gapi.testCases.BaseClass" name="@BeforeSuite generateAuthorizationToken" time="0.0">
    <ignored/>
  </testcase> <!-- @BeforeSuite generateAuthorizationToken -->
  <testcase classname="com.gapi.testCases.BaseClass" name="@BeforeSuite generateAuthorizationToken" time="0.0">
    <ignored/>
  </testcase> <!-- @BeforeSuite generateAuthorizationToken -->
  <testcase classname="com.gapi.testCases.BaseClass" name="@BeforeSuite generateAuthorizationToken" time="0.0">
    <ignored/>
  </testcase> <!-- @BeforeSuite generateAuthorizationToken -->
  <testcase classname="com.gapi.testCases.BaseClass" name="@BeforeSuite generateAuthorizationToken" time="0.0">
    <ignored/>
  </testcase> <!-- @BeforeSuite generateAuthorizationToken -->
  <testcase classname="com.gapi.testCases.BaseClass" name="@BeforeSuite generateAuthorizationToken" time="0.0">
    <ignored/>
  </testcase> <!-- @BeforeSuite generateAuthorizationToken -->
  <testcase classname="com.gapi.testCases.BaseClass" name="@BeforeSuite generateAuthorizationToken" time="0.0">
    <ignored/>
  </testcase> <!-- @BeforeSuite generateAuthorizationToken -->
  <testcase classname="com.gapi.testCases.BaseClass" name="@BeforeSuite generateAuthorizationToken" time="0.0">
    <ignored/>
  </testcase> <!-- @BeforeSuite generateAuthorizationToken -->
  <testcase classname="com.gapi.testCases.BaseClass" name="@BeforeSuite generateAuthorizationToken" time="0.0">
    <ignored/>
  </testcase> <!-- @BeforeSuite generateAuthorizationToken -->
  <testcase classname="com.gapi.testCases.BaseClass" name="@BeforeSuite generateAuthorizationToken" time="0.0">
    <ignored/>
  </testcase> <!-- @BeforeSuite generateAuthorizationToken -->
  <testcase classname="com.gapi.testCases.BaseClass" name="@BeforeSuite generateAuthorizationToken" time="0.0">
    <ignored/>
  </testcase> <!-- @BeforeSuite generateAuthorizationToken -->
  <testcase classname="com.gapi.testCases.BaseClass" name="@BeforeSuite generateAuthorizationToken" time="0.0">
    <ignored/>
  </testcase> <!-- @BeforeSuite generateAuthorizationToken -->
  <testcase classname="com.gapi.testCases.BaseClass" name="@BeforeSuite generateAuthorizationToken" time="0.0">
    <ignored/>
  </testcase> <!-- @BeforeSuite generateAuthorizationToken -->
  <testcase classname="com.gapi.testCases.BaseClass" name="@BeforeSuite generateAuthorizationToken" time="0.0">
    <ignored/>
  </testcase> <!-- @BeforeSuite generateAuthorizationToken -->
  <testcase classname="com.gapi.testCases.BaseClass" name="@BeforeSuite generateAuthorizationToken" time="0.0">
    <ignored/>
  </testcase> <!-- @BeforeSuite generateAuthorizationToken -->
  <testcase classname="com.gapi.testCases.BaseClass" name="@BeforeSuite generateAuthorizationToken" time="0.0">
    <ignored/>
  </testcase> <!-- @BeforeSuite generateAuthorizationToken -->
  <testcase classname="com.gapi.testCases.BaseClass" name="@BeforeSuite generateAuthorizationToken" time="0.0">
    <ignored/>
  </testcase> <!-- @BeforeSuite generateAuthorizationToken -->
  <testcase classname="com.gapi.testCases.BaseClass" name="@BeforeSuite generateAuthorizationToken" time="0.0">
    <ignored/>
  </testcase> <!-- @BeforeSuite generateAuthorizationToken -->
  <testcase classname="com.gapi.testCases.BaseClass" name="@BeforeSuite generateAuthorizationToken" time="0.0">
    <ignored/>
  </testcase> <!-- @BeforeSuite generateAuthorizationToken -->
  <testcase classname="com.gapi.testCases.BaseClass" name="@BeforeSuite generateAuthorizationToken" time="0.0">
    <ignored/>
  </testcase> <!-- @BeforeSuite generateAuthorizationToken -->
  <testcase classname="com.gapi.testCases.BaseClass" name="@BeforeSuite generateAuthorizationToken" time="0.0">
    <ignored/>
  </testcase> <!-- @BeforeSuite generateAuthorizationToken -->
  <testcase classname="com.gapi.testCases.BaseClass" name="@BeforeSuite generateAuthorizationToken" time="0.0">
    <ignored/>
  </testcase> <!-- @BeforeSuite generateAuthorizationToken -->
  <testcase classname="com.gapi.testCases.BaseClass" name="@BeforeSuite generateAuthorizationToken" time="0.0">
    <ignored/>
  </testcase> <!-- @BeforeSuite generateAuthorizationToken -->
  <testcase classname="com.gapi.testCases.BaseClass" name="@BeforeSuite generateAuthorizationToken" time="0.0">
    <ignored/>
  </testcase> <!-- @BeforeSuite generateAuthorizationToken -->
  <testcase classname="com.gapi.testCases.BaseClass" name="@BeforeSuite generateAuthorizationToken" time="0.0">
    <ignored/>
  </testcase> <!-- @BeforeSuite generateAuthorizationToken -->
  <testcase classname="com.gapi.testCases.BaseClass" name="@BeforeSuite generateAuthorizationToken" time="0.0">
    <ignored/>
  </testcase> <!-- @BeforeSuite generateAuthorizationToken -->
  <testcase classname="com.gapi.testCases.BaseClass" name="@BeforeSuite generateAuthorizationToken" time="0.0">
    <ignored/>
  </testcase> <!-- @BeforeSuite generateAuthorizationToken -->
  <testcase classname="com.gapi.testCases.BaseClass" name="@BeforeSuite generateAuthorizationToken" time="0.0">
    <ignored/>
  </testcase> <!-- @BeforeSuite generateAuthorizationToken -->
  <testcase classname="com.gapi.testCases.BaseClass" name="@BeforeSuite generateAuthorizationToken" time="0.0">
    <ignored/>
  </testcase> <!-- @BeforeSuite generateAuthorizationToken -->
  <testcase classname="com.gapi.testCases.BaseClass" name="@BeforeSuite generateAuthorizationToken" time="0.0">
    <ignored/>
  </testcase> <!-- @BeforeSuite generateAuthorizationToken -->
  <testcase classname="com.gapi.testCases.BaseClass" name="@BeforeSuite generateAuthorizationToken" time="0.0">
    <ignored/>
  </testcase> <!-- @BeforeSuite generateAuthorizationToken -->
  <testcase classname="com.gapi.testCases.BaseClass" name="@BeforeSuite generateAuthorizationToken" time="0.0">
    <ignored/>
  </testcase> <!-- @BeforeSuite generateAuthorizationToken -->
  <testcase classname="com.gapi.testCases.BaseClass" name="@BeforeSuite generateAuthorizationToken" time="0.0">
    <ignored/>
  </testcase> <!-- @BeforeSuite generateAuthorizationToken -->
  <testcase classname="com.gapi.testCases.BaseClass" name="@BeforeSuite generateAuthorizationToken" time="0.0">
    <ignored/>
  </testcase> <!-- @BeforeSuite generateAuthorizationToken -->
  <testcase classname="com.gapi.testCases.BaseClass" name="@AfterTest AfterSuite" time="0.0">
    <ignored/>
  </testcase> <!-- @AfterTest AfterSuite -->
  <testcase classname="com.gapi.testCases.BaseClass" name="@AfterTest AfterSuite" time="0.0">
    <ignored/>
  </testcase> <!-- @AfterTest AfterSuite -->
  <testcase classname="com.gapi.testCases.BaseClass" name="@AfterTest AfterSuite" time="0.0">
    <ignored/>
  </testcase> <!-- @AfterTest AfterSuite -->
  <testcase classname="com.gapi.testCases.BaseClass" name="@AfterTest AfterSuite" time="0.0">
    <ignored/>
  </testcase> <!-- @AfterTest AfterSuite -->
  <testcase classname="com.gapi.testCases.BaseClass" name="@AfterTest AfterSuite" time="0.0">
    <ignored/>
  </testcase> <!-- @AfterTest AfterSuite -->
  <testcase classname="com.gapi.testCases.BaseClass" name="@AfterTest AfterSuite" time="0.0">
    <ignored/>
  </testcase> <!-- @AfterTest AfterSuite -->
  <testcase classname="com.gapi.testCases.BaseClass" name="@AfterTest AfterSuite" time="0.0">
    <ignored/>
  </testcase> <!-- @AfterTest AfterSuite -->
  <testcase classname="com.gapi.testCases.BaseClass" name="@AfterTest AfterSuite" time="0.0">
    <ignored/>
  </testcase> <!-- @AfterTest AfterSuite -->
  <testcase classname="com.gapi.testCases.BaseClass" name="@AfterTest AfterSuite" time="0.0">
    <ignored/>
  </testcase> <!-- @AfterTest AfterSuite -->
  <testcase classname="com.gapi.testCases.BaseClass" name="@AfterTest AfterSuite" time="0.0">
    <ignored/>
  </testcase> <!-- @AfterTest AfterSuite -->
  <testcase classname="com.gapi.testCases.BaseClass" name="@AfterTest AfterSuite" time="0.0">
    <ignored/>
  </testcase> <!-- @AfterTest AfterSuite -->
  <testcase classname="com.gapi.testCases.BaseClass" name="@AfterTest AfterSuite" time="0.0">
    <ignored/>
  </testcase> <!-- @AfterTest AfterSuite -->
  <testcase classname="com.gapi.testCases.BaseClass" name="@AfterTest AfterSuite" time="0.0">
    <ignored/>
  </testcase> <!-- @AfterTest AfterSuite -->
  <testcase classname="com.gapi.testCases.BaseClass" name="@AfterTest AfterSuite" time="0.0">
    <ignored/>
  </testcase> <!-- @AfterTest AfterSuite -->
  <testcase classname="com.gapi.testCases.BaseClass" name="@AfterTest AfterSuite" time="0.0">
    <ignored/>
  </testcase> <!-- @AfterTest AfterSuite -->
  <testcase classname="com.gapi.testCases.BaseClass" name="@AfterTest AfterSuite" time="0.0">
    <ignored/>
  </testcase> <!-- @AfterTest AfterSuite -->
  <testcase classname="com.gapi.testCases.BaseClass" name="@AfterTest AfterSuite" time="0.0">
    <ignored/>
  </testcase> <!-- @AfterTest AfterSuite -->
  <testcase classname="com.gapi.testCases.BaseClass" name="@AfterTest AfterSuite" time="0.0">
    <ignored/>
  </testcase> <!-- @AfterTest AfterSuite -->
  <testcase classname="com.gapi.testCases.BaseClass" name="@AfterTest AfterSuite" time="0.0">
    <ignored/>
  </testcase> <!-- @AfterTest AfterSuite -->
  <testcase classname="com.gapi.testCases.BaseClass" name="@AfterTest AfterSuite" time="0.0">
    <ignored/>
  </testcase> <!-- @AfterTest AfterSuite -->
  <testcase classname="com.gapi.testCases.BaseClass" name="@AfterTest AfterSuite" time="0.0">
    <ignored/>
  </testcase> <!-- @AfterTest AfterSuite -->
  <testcase classname="com.gapi.testCases.BaseClass" name="@AfterTest AfterSuite" time="0.0">
    <ignored/>
  </testcase> <!-- @AfterTest AfterSuite -->
  <testcase classname="com.gapi.testCases.BaseClass" name="@AfterTest AfterSuite" time="0.0">
    <ignored/>
  </testcase> <!-- @AfterTest AfterSuite -->
  <testcase classname="com.gapi.testCases.BaseClass" name="@AfterTest AfterSuite" time="0.0">
    <ignored/>
  </testcase> <!-- @AfterTest AfterSuite -->
  <testcase classname="com.gapi.testCases.BaseClass" name="@AfterTest AfterSuite" time="0.0">
    <ignored/>
  </testcase> <!-- @AfterTest AfterSuite -->
  <testcase classname="com.gapi.testCases.BaseClass" name="@AfterTest AfterSuite" time="0.0">
    <ignored/>
  </testcase> <!-- @AfterTest AfterSuite -->
  <testcase classname="com.gapi.testCases.BaseClass" name="@AfterTest AfterSuite" time="0.0">
    <ignored/>
  </testcase> <!-- @AfterTest AfterSuite -->
  <testcase classname="com.gapi.testCases.BaseClass" name="@AfterTest AfterSuite" time="0.0">
    <ignored/>
  </testcase> <!-- @AfterTest AfterSuite -->
  <testcase classname="com.gapi.testCases.BaseClass" name="@AfterTest AfterSuite" time="0.0">
    <ignored/>
  </testcase> <!-- @AfterTest AfterSuite -->
  <testcase classname="com.gapi.testCases.BaseClass" name="@AfterTest AfterSuite" time="0.0">
    <ignored/>
  </testcase> <!-- @AfterTest AfterSuite -->
  <testcase classname="com.gapi.testCases.BaseClass" name="@AfterTest AfterSuite" time="0.0">
    <ignored/>
  </testcase> <!-- @AfterTest AfterSuite -->
  <testcase classname="com.gapi.testCases.BaseClass" name="@AfterTest AfterSuite" time="0.0">
    <ignored/>
  </testcase> <!-- @AfterTest AfterSuite -->
  <testcase classname="com.gapi.testCases.BaseClass" name="@AfterTest AfterSuite" time="0.0">
    <ignored/>
  </testcase> <!-- @AfterTest AfterSuite -->
  <testcase classname="com.gapi.testCases.BaseClass" name="@AfterTest AfterSuite" time="0.0">
    <ignored/>
  </testcase> <!-- @AfterTest AfterSuite -->
  <testcase classname="com.gapi.testCases.BaseClass" name="@AfterTest AfterSuite" time="0.0">
    <ignored/>
  </testcase> <!-- @AfterTest AfterSuite -->
  <testcase classname="com.gapi.testCases.BaseClass" name="@AfterTest AfterSuite" time="0.0">
    <ignored/>
  </testcase> <!-- @AfterTest AfterSuite -->
  <testcase classname="com.gapi.testCases.BaseClass" name="@AfterTest AfterSuite" time="0.0">
    <ignored/>
  </testcase> <!-- @AfterTest AfterSuite -->
  <testcase classname="com.gapi.testCases.BaseClass" name="@AfterTest AfterSuite" time="0.0">
    <ignored/>
  </testcase> <!-- @AfterTest AfterSuite -->
  <testcase classname="com.gapi.testCases.BaseClass" name="@AfterTest AfterSuite" time="0.0">
    <ignored/>
  </testcase> <!-- @AfterTest AfterSuite -->
  <testcase classname="com.gapi.testCases.BaseClass" name="@AfterTest AfterSuite" time="0.0">
    <ignored/>
  </testcase> <!-- @AfterTest AfterSuite -->
  <testcase classname="com.gapi.testCases.BaseClass" name="@AfterTest AfterSuite" time="0.0">
    <ignored/>
  </testcase> <!-- @AfterTest AfterSuite -->
  <testcase classname="com.gapi.testCases.BaseClass" name="@AfterTest AfterSuite" time="0.0">
    <ignored/>
  </testcase> <!-- @AfterTest AfterSuite -->
  <testcase classname="com.gapi.testCases.BaseClass" name="@AfterTest AfterSuite" time="0.0">
    <ignored/>
  </testcase> <!-- @AfterTest AfterSuite -->
  <testcase classname="com.gapi.testCases.BaseClass" name="@AfterTest AfterSuite" time="0.0">
    <ignored/>
  </testcase> <!-- @AfterTest AfterSuite -->
  <testcase classname="com.gapi.testCases.BaseClass" name="@AfterTest AfterSuite" time="0.0">
    <ignored/>
  </testcase> <!-- @AfterTest AfterSuite -->
  <testcase classname="com.gapi.testCases.BaseClass" name="@AfterTest AfterSuite" time="0.0">
    <ignored/>
  </testcase> <!-- @AfterTest AfterSuite -->
  <testcase classname="com.gapi.testCases.BaseClass" name="@AfterTest AfterSuite" time="0.0">
    <ignored/>
  </testcase> <!-- @AfterTest AfterSuite -->
  <testcase classname="com.gapi.testCases.BaseClass" name="@AfterTest AfterSuite" time="0.0">
    <ignored/>
  </testcase> <!-- @AfterTest AfterSuite -->
  <testcase classname="com.gapi.testCases.BaseClass" name="@AfterTest AfterSuite" time="0.0">
    <ignored/>
  </testcase> <!-- @AfterTest AfterSuite -->
</testsuite> <!-- All Test Cases -->
